2025-06-04 13:45:30 - TEST - Проверка доступа к файлу логов
2025-06-04 14:00:49 - TEST - Проверка доступа к файлу логов
2025-06-05 18:26:36 - INFO - Логирование инициализировано успешно
2025-06-05 18:26:36 - TEST - Проверка доступа к файлу логов
2025-06-05 18:26:36 - INFO - Файл логов доступен для записи: C:\base_2\projects\1pap24\program\test_one24\app.log
2025-06-05 18:26:36 - INFO - ================================================================================
2025-06-05 18:26:36 - INFO - Запуск приложения
2025-06-05 18:26:36 - INFO - Операционная система: win32
2025-06-05 18:26:36 - INFO - Версия Python: 3.12.9 (tags/v3.12.9:fdb8142, Feb  4 2025, 15:27:58) [MSC v.1942 64 bit (AMD64)]
2025-06-05 18:26:36 - INFO - Текущая директория: C:\base_2\projects\1pap24\program\test_one24
2025-06-05 18:26:36 - INFO - Файл логов: C:\base_2\projects\1pap24\program\test_one24\app.log
2025-06-05 18:26:37 - INFO - Приложение запущено
2025-06-05 18:27:02 - INFO - Подготовка к загрузке прошивки. Путь: C:\base_2\projects\1pap24\program\test_one24\arduino, Порт: 
2025-06-05 18:27:02 - INFO - Проверка наличия файлов прошивки в директории: C:\base_2\projects\1pap24\program\test_one24\arduino
2025-06-05 18:27:02 - INFO - Найден файл platformio.ini: C:\base_2\projects\1pap24\program\test_one24\arduino\platformio.ini
2025-06-05 18:27:02 - INFO - PlatformIO доступен: PlatformIO Core, version 6.1.18
2025-06-05 18:27:02 - INFO - Запуск команды: platformio run --target upload в директории C:\base_2\projects\1pap24\program\test_one24\arduino
2025-06-05 18:27:02 - INFO - Запуск процесса загрузки прошивки: platformio run --target upload
2025-06-05 18:27:03 - INFO - PlatformIO: Processing mega (platform: atmelavr; board: megaatmega2560; framework: arduino)
2025-06-05 18:27:03 - INFO - PlatformIO: --------------------------------------------------------------------------------
2025-06-05 18:27:03 - INFO - PlatformIO: Verbose mode can be enabled via `-v, --verbose` option
2025-06-05 18:27:03 - INFO - PlatformIO: CONFIGURATION: https://docs.platformio.org/page/boards/atmelavr/megaatmega2560.html
2025-06-05 18:27:03 - INFO - PlatformIO: PLATFORM: Atmel AVR (5.1.0) > Arduino Mega or Mega 2560 ATmega2560 (Mega 2560)
2025-06-05 18:27:03 - INFO - PlatformIO: HARDWARE: ATMEGA2560 16MHz, 8KB RAM, 248KB Flash
2025-06-05 18:27:03 - INFO - PlatformIO: DEBUG: Current (avr-stub) External (avr-stub, simavr)
2025-06-05 18:27:03 - INFO - PlatformIO: PACKAGES:
2025-06-05 18:27:03 - INFO - PlatformIO: - framework-arduino-avr @ 5.2.0
2025-06-05 18:27:03 - INFO - PlatformIO: - tool-avrdude @ 1.60300.200527 (6.3.0)
2025-06-05 18:27:03 - INFO - PlatformIO: - toolchain-atmelavr @ 1.70300.191015 (7.3.0)
2025-06-05 18:27:03 - INFO - PlatformIO: Converting main.ino
2025-06-05 18:27:03 - INFO - PlatformIO: LDF: Library Dependency Finder -> https://bit.ly/configure-pio-ldf
2025-06-05 18:27:03 - INFO - PlatformIO: LDF Modes: Finder ~ chain, Compatibility ~ off
2025-06-05 18:27:03 - INFO - PlatformIO: Found 11 compatible libraries
2025-06-05 18:27:03 - INFO - PlatformIO: Scanning dependencies...
2025-06-05 18:27:03 - INFO - PlatformIO: Dependency Graph
2025-06-05 18:27:03 - INFO - PlatformIO: |-- GyverStepper @ 2.7.0
2025-06-05 18:27:03 - INFO - PlatformIO: |-- SerialCommand
2025-06-05 18:27:03 - INFO - PlatformIO: |-- Non-Blocking HX711 Library @ 1.0.1
2025-06-05 18:27:03 - INFO - PlatformIO: |-- Bounce2 @ 2.72
2025-06-05 18:27:03 - INFO - PlatformIO: Building in release mode
2025-06-05 18:27:03 - INFO - PlatformIO: Compiling .pio\build\mega\src\commands.cpp.o
2025-06-05 18:27:03 - INFO - PlatformIO: Compiling .pio\build\mega\src\main.ino.cpp.o
2025-06-05 18:27:03 - INFO - PlatformIO: Compiling .pio\build\mega\src\sensors.cpp.o
2025-06-05 18:27:03 - INFO - PlatformIO: Compiling .pio\build\mega\src\stepper_control.cpp.o
2025-06-05 18:27:03 - INFO - PlatformIO: Compiling .pio\build\mega\src\valves.cpp.o
2025-06-05 18:27:03 - INFO - PlatformIO: Compiling .pio\build\mega\lib082\SerialCommand\SerialCommand.cpp.o
2025-06-05 18:27:03 - INFO - PlatformIO: Compiling .pio\build\mega\lib126\NBHX711\NBHX711.cpp.o
2025-06-05 18:27:03 - INFO - PlatformIO: Compiling .pio\build\mega\libbcc\Bounce2\Bounce2.cpp.o
2025-06-05 18:27:03 - INFO - PlatformIO: Archiving .pio\build\mega\libbcc\libBounce2.a
2025-06-05 18:27:03 - INFO - PlatformIO: Archiving .pio\build\mega\lib082\libSerialCommand.a
2025-06-05 18:27:03 - INFO - PlatformIO: Archiving .pio\build\mega\lib126\libNBHX711.a
2025-06-05 18:27:03 - INFO - PlatformIO: Archiving .pio\build\mega\libFrameworkArduinoVariant.a
2025-06-05 18:27:03 - INFO - PlatformIO: Compiling .pio\build\mega\FrameworkArduino\CDC.cpp.o
2025-06-05 18:27:03 - INFO - PlatformIO: Compiling .pio\build\mega\FrameworkArduino\HardwareSerial.cpp.o
2025-06-05 18:27:03 - INFO - PlatformIO: Compiling .pio\build\mega\FrameworkArduino\HardwareSerial0.cpp.o
2025-06-05 18:27:03 - INFO - PlatformIO: Indexing .pio\build\mega\libbcc\libBounce2.a
2025-06-05 18:27:03 - INFO - PlatformIO: Indexing .pio\build\mega\lib082\libSerialCommand.a
2025-06-05 18:27:03 - INFO - PlatformIO: Indexing .pio\build\mega\libFrameworkArduinoVariant.a
2025-06-05 18:27:03 - INFO - PlatformIO: Indexing .pio\build\mega\lib126\libNBHX711.a
2025-06-05 18:27:03 - INFO - PlatformIO: Compiling .pio\build\mega\FrameworkArduino\HardwareSerial1.cpp.o
2025-06-05 18:27:03 - INFO - PlatformIO: Compiling .pio\build\mega\FrameworkArduino\HardwareSerial2.cpp.o
2025-06-05 18:27:03 - INFO - PlatformIO: Compiling .pio\build\mega\FrameworkArduino\HardwareSerial3.cpp.o
2025-06-05 18:27:04 - INFO - PlatformIO: Compiling .pio\build\mega\FrameworkArduino\IPAddress.cpp.o
2025-06-05 18:27:04 - INFO - PlatformIO: Compiling .pio\build\mega\FrameworkArduino\PluggableUSB.cpp.o
2025-06-05 18:27:04 - INFO - PlatformIO: Compiling .pio\build\mega\FrameworkArduino\Print.cpp.o
2025-06-05 18:27:04 - INFO - PlatformIO: Compiling .pio\build\mega\FrameworkArduino\Stream.cpp.o
2025-06-05 18:27:04 - INFO - PlatformIO: Compiling .pio\build\mega\FrameworkArduino\Tone.cpp.o
2025-06-05 18:27:04 - INFO - PlatformIO: Compiling .pio\build\mega\FrameworkArduino\USBCore.cpp.o
2025-06-05 18:27:04 - INFO - PlatformIO: Compiling .pio\build\mega\FrameworkArduino\WInterrupts.c.o
2025-06-05 18:27:04 - INFO - PlatformIO: Compiling .pio\build\mega\FrameworkArduino\WMath.cpp.o
2025-06-05 18:27:04 - INFO - PlatformIO: Compiling .pio\build\mega\FrameworkArduino\WString.cpp.o
2025-06-05 18:27:04 - INFO - PlatformIO: Compiling .pio\build\mega\FrameworkArduino\abi.cpp.o
2025-06-05 18:27:04 - INFO - PlatformIO: Compiling .pio\build\mega\FrameworkArduino\hooks.c.o
2025-06-05 18:27:04 - INFO - PlatformIO: Compiling .pio\build\mega\FrameworkArduino\main.cpp.o
2025-06-05 18:27:04 - INFO - PlatformIO: Compiling .pio\build\mega\FrameworkArduino\new.cpp.o
2025-06-05 18:27:04 - INFO - PlatformIO: Compiling .pio\build\mega\FrameworkArduino\wiring.c.o
2025-06-05 18:27:04 - INFO - PlatformIO: Compiling .pio\build\mega\FrameworkArduino\wiring_analog.c.o
2025-06-05 18:27:04 - INFO - PlatformIO: Compiling .pio\build\mega\FrameworkArduino\wiring_digital.c.o
2025-06-05 18:27:04 - INFO - PlatformIO: Compiling .pio\build\mega\FrameworkArduino\wiring_pulse.S.o
2025-06-05 18:27:04 - INFO - PlatformIO: Compiling .pio\build\mega\FrameworkArduino\wiring_pulse.c.o
2025-06-05 18:27:04 - INFO - PlatformIO: Compiling .pio\build\mega\FrameworkArduino\wiring_shift.c.o
2025-06-05 18:27:04 - INFO - PlatformIO: Archiving .pio\build\mega\libFrameworkArduino.a
2025-06-05 18:27:04 - INFO - PlatformIO: Indexing .pio\build\mega\libFrameworkArduino.a
2025-06-05 18:27:04 - INFO - PlatformIO: Linking .pio\build\mega\firmware.elf
2025-06-05 18:27:04 - INFO - PlatformIO: Checking size .pio\build\mega\firmware.elf
2025-06-05 18:27:04 - INFO - PlatformIO: Advanced Memory Usage is available via "PlatformIO Home > Project Inspect"
2025-06-05 18:27:04 - INFO - PlatformIO: RAM:   [==        ]  15.9% (used 1300 bytes from 8192 bytes)
2025-06-05 18:27:04 - INFO - PlatformIO: Flash: [=         ]   8.8% (used 22332 bytes from 253952 bytes)
2025-06-05 18:27:04 - INFO - PlatformIO: Building .pio\build\mega\firmware.hex
2025-06-05 18:27:04 - INFO - PlatformIO: Configuring upload protocol...
2025-06-05 18:27:04 - INFO - PlatformIO: AVAILABLE: wiring
2025-06-05 18:27:04 - INFO - PlatformIO: CURRENT: upload_protocol = wiring
2025-06-05 18:27:04 - INFO - PlatformIO: Looking for upload port...
2025-06-05 18:27:06 - INFO - PlatformIO: Auto-detected: COM4
2025-06-05 18:27:06 - INFO - PlatformIO: Uploading .pio\build\mega\firmware.hex
2025-06-05 18:27:07 - INFO - PlatformIO: 
2025-06-05 18:27:07 - INFO - PlatformIO: avrdude: AVR device initialized and ready to accept instructions
2025-06-05 18:27:07 - INFO - PlatformIO: 
2025-06-05 18:27:07 - INFO - PlatformIO: Reading | ################################################## | 100% 0.01s
2025-06-05 18:27:07 - INFO - PlatformIO: 
2025-06-05 18:27:07 - INFO - PlatformIO: avrdude: Device signature = 0x1e9801 (probably m2560)
2025-06-05 18:27:07 - INFO - PlatformIO: avrdude: reading input file ".pio\build\mega\firmware.hex"
2025-06-05 18:27:07 - INFO - PlatformIO: avrdude: writing flash (22332 bytes):
2025-06-05 18:27:07 - INFO - PlatformIO: 
2025-06-05 18:27:11 - INFO - PlatformIO: Writing | ################################################## | 100% 3.33s
2025-06-05 18:27:11 - INFO - PlatformIO: 
2025-06-05 18:27:11 - INFO - PlatformIO: avrdude: 22332 bytes of flash written
2025-06-05 18:27:11 - INFO - PlatformIO: avrdude: verifying flash memory against .pio\build\mega\firmware.hex:
2025-06-05 18:27:11 - INFO - PlatformIO: avrdude: load data flash data from input file .pio\build\mega\firmware.hex:
2025-06-05 18:27:11 - INFO - PlatformIO: avrdude: input file .pio\build\mega\firmware.hex contains 22332 bytes
2025-06-05 18:27:11 - INFO - PlatformIO: avrdude: reading on-chip flash data:
2025-06-05 18:27:11 - INFO - PlatformIO: 
2025-06-05 18:27:13 - INFO - PlatformIO: Reading | ################################################## | 100% 2.58s
2025-06-05 18:27:13 - INFO - PlatformIO: 
2025-06-05 18:27:13 - INFO - PlatformIO: avrdude: verifying ...
2025-06-05 18:27:13 - INFO - PlatformIO: avrdude: 22332 bytes of flash verified
2025-06-05 18:27:13 - INFO - PlatformIO: 
2025-06-05 18:27:13 - INFO - PlatformIO: avrdude: safemode: Fuses OK (E:FD, H:D8, L:FF)
2025-06-05 18:27:13 - INFO - PlatformIO: 
2025-06-05 18:27:13 - INFO - PlatformIO: avrdude done.  Thank you.
2025-06-05 18:27:13 - INFO - PlatformIO: 
2025-06-05 18:27:13 - INFO - PlatformIO: ========================= [SUCCESS] Took 10.77 seconds =========================
2025-06-05 18:27:15 - INFO - Прошивка успешно загружена
2025-06-05 18:33:24 - INFO - Логирование инициализировано успешно
2025-06-05 18:33:24 - TEST - Проверка доступа к файлу логов
2025-06-05 18:33:24 - INFO - Файл логов доступен для записи: C:\base_2\projects\1pap24\program\test_one24\app.log
2025-06-05 18:33:24 - INFO - ================================================================================
2025-06-05 18:33:24 - INFO - Запуск приложения
2025-06-05 18:33:24 - INFO - Операционная система: win32
2025-06-05 18:33:24 - INFO - Версия Python: 3.12.9 (tags/v3.12.9:fdb8142, Feb  4 2025, 15:27:58) [MSC v.1942 64 bit (AMD64)]
2025-06-05 18:33:24 - INFO - Текущая директория: C:\base_2\projects\1pap24\program\test_one24
2025-06-05 18:33:24 - INFO - Файл логов: C:\base_2\projects\1pap24\program\test_one24\app.log
2025-06-05 18:33:24 - INFO - Приложение запущено
2025-06-05 18:33:34 - INFO - Подготовка к загрузке прошивки. Путь: C:\base_2\projects\1pap24\program\test_one24\arduino, Порт: 
2025-06-05 18:33:34 - INFO - Проверка наличия файлов прошивки в директории: C:\base_2\projects\1pap24\program\test_one24\arduino
2025-06-05 18:33:34 - INFO - Найден файл platformio.ini: C:\base_2\projects\1pap24\program\test_one24\arduino\platformio.ini
2025-06-05 18:33:35 - INFO - PlatformIO доступен: PlatformIO Core, version 6.1.18
2025-06-05 18:33:35 - INFO - Запуск команды: platformio run --target upload в директории C:\base_2\projects\1pap24\program\test_one24\arduino
2025-06-05 18:33:35 - INFO - Запуск процесса загрузки прошивки: platformio run --target upload
2025-06-05 18:33:35 - INFO - PlatformIO: Processing mega (platform: atmelavr; board: megaatmega2560; framework: arduino)
2025-06-05 18:33:35 - INFO - PlatformIO: --------------------------------------------------------------------------------
2025-06-05 18:33:36 - INFO - PlatformIO: Verbose mode can be enabled via `-v, --verbose` option
2025-06-05 18:33:36 - INFO - PlatformIO: CONFIGURATION: https://docs.platformio.org/page/boards/atmelavr/megaatmega2560.html
2025-06-05 18:33:36 - INFO - PlatformIO: PLATFORM: Atmel AVR (5.1.0) > Arduino Mega or Mega 2560 ATmega2560 (Mega 2560)
2025-06-05 18:33:36 - INFO - PlatformIO: HARDWARE: ATMEGA2560 16MHz, 8KB RAM, 248KB Flash
2025-06-05 18:33:36 - INFO - PlatformIO: DEBUG: Current (avr-stub) External (avr-stub, simavr)
2025-06-05 18:33:36 - INFO - PlatformIO: PACKAGES:
2025-06-05 18:33:36 - INFO - PlatformIO: - framework-arduino-avr @ 5.2.0
2025-06-05 18:33:36 - INFO - PlatformIO: - tool-avrdude @ 1.60300.200527 (6.3.0)
2025-06-05 18:33:36 - INFO - PlatformIO: - toolchain-atmelavr @ 1.70300.191015 (7.3.0)
2025-06-05 18:33:36 - INFO - PlatformIO: Converting main.ino
2025-06-05 18:33:36 - INFO - PlatformIO: LDF: Library Dependency Finder -> https://bit.ly/configure-pio-ldf
2025-06-05 18:33:36 - INFO - PlatformIO: LDF Modes: Finder ~ chain, Compatibility ~ off
2025-06-05 18:33:36 - INFO - PlatformIO: Found 11 compatible libraries
2025-06-05 18:33:36 - INFO - PlatformIO: Scanning dependencies...
2025-06-05 18:33:36 - INFO - PlatformIO: Dependency Graph
2025-06-05 18:33:36 - INFO - PlatformIO: |-- GyverStepper @ 2.7.0
2025-06-05 18:33:36 - INFO - PlatformIO: |-- SerialCommand
2025-06-05 18:33:36 - INFO - PlatformIO: |-- Non-Blocking HX711 Library @ 1.0.1
2025-06-05 18:33:36 - INFO - PlatformIO: |-- Bounce2 @ 2.72
2025-06-05 18:33:36 - INFO - PlatformIO: Building in release mode
2025-06-05 18:33:36 - INFO - PlatformIO: Compiling .pio\build\mega\src\main.ino.cpp.o
2025-06-05 18:33:36 - INFO - PlatformIO: Linking .pio\build\mega\firmware.elf
2025-06-05 18:33:36 - INFO - PlatformIO: Checking size .pio\build\mega\firmware.elf
2025-06-05 18:33:36 - INFO - PlatformIO: Advanced Memory Usage is available via "PlatformIO Home > Project Inspect"
2025-06-05 18:33:36 - INFO - PlatformIO: RAM:   [==        ]  15.9% (used 1300 bytes from 8192 bytes)
2025-06-05 18:33:36 - INFO - PlatformIO: Flash: [=         ]   8.8% (used 22332 bytes from 253952 bytes)
2025-06-05 18:33:36 - INFO - PlatformIO: Configuring upload protocol...
2025-06-05 18:33:36 - INFO - PlatformIO: AVAILABLE: wiring
2025-06-05 18:33:36 - INFO - PlatformIO: CURRENT: upload_protocol = wiring
2025-06-05 18:33:36 - INFO - PlatformIO: Looking for upload port...
2025-06-05 18:33:38 - INFO - PlatformIO: Auto-detected: COM4
2025-06-05 18:33:38 - INFO - PlatformIO: Uploading .pio\build\mega\firmware.hex
2025-06-05 18:33:39 - INFO - PlatformIO: 
2025-06-05 18:33:39 - INFO - PlatformIO: avrdude: AVR device initialized and ready to accept instructions
2025-06-05 18:33:39 - INFO - PlatformIO: 
2025-06-05 18:33:39 - INFO - PlatformIO: Reading | ################################################## | 100% 0.01s
2025-06-05 18:33:39 - INFO - PlatformIO: 
2025-06-05 18:33:39 - INFO - PlatformIO: avrdude: Device signature = 0x1e9801 (probably m2560)
2025-06-05 18:33:39 - INFO - PlatformIO: avrdude: reading input file ".pio\build\mega\firmware.hex"
2025-06-05 18:33:39 - INFO - PlatformIO: avrdude: writing flash (22332 bytes):
2025-06-05 18:33:39 - INFO - PlatformIO: 
2025-06-05 18:33:42 - INFO - PlatformIO: Writing | ################################################## | 100% 3.33s
2025-06-05 18:33:42 - INFO - PlatformIO: 
2025-06-05 18:33:42 - INFO - PlatformIO: avrdude: 22332 bytes of flash written
2025-06-05 18:33:42 - INFO - PlatformIO: avrdude: verifying flash memory against .pio\build\mega\firmware.hex:
2025-06-05 18:33:42 - INFO - PlatformIO: avrdude: load data flash data from input file .pio\build\mega\firmware.hex:
2025-06-05 18:33:42 - INFO - PlatformIO: avrdude: input file .pio\build\mega\firmware.hex contains 22332 bytes
2025-06-05 18:33:42 - INFO - PlatformIO: avrdude: reading on-chip flash data:
2025-06-05 18:33:42 - INFO - PlatformIO: 
2025-06-05 18:33:45 - INFO - PlatformIO: Reading | ################################################## | 100% 2.58s
2025-06-05 18:33:45 - INFO - PlatformIO: 
2025-06-05 18:33:45 - INFO - PlatformIO: avrdude: verifying ...
2025-06-05 18:33:45 - INFO - PlatformIO: avrdude: 22332 bytes of flash verified
2025-06-05 18:33:45 - INFO - PlatformIO: 
2025-06-05 18:33:45 - INFO - PlatformIO: avrdude: safemode: Fuses OK (E:FD, H:D8, L:FF)
2025-06-05 18:33:45 - INFO - PlatformIO: 
2025-06-05 18:33:45 - INFO - PlatformIO: avrdude done.  Thank you.
2025-06-05 18:33:45 - INFO - PlatformIO: 
2025-06-05 18:33:45 - INFO - PlatformIO: ========================= [SUCCESS] Took 9.90 seconds =========================
2025-06-05 18:33:45 - INFO - Прошивка успешно загружена
2025-06-09 17:11:31 - INFO - Логирование инициализировано успешно
2025-06-09 17:11:31 - TEST - Проверка доступа к файлу логов
2025-06-09 17:11:31 - INFO - Файл логов доступен для записи: c:\base_2\projects\1pap24\program\test_one24\app.log
2025-06-09 17:11:31 - INFO - ================================================================================
2025-06-09 17:11:31 - INFO - Запуск приложения
2025-06-09 17:11:31 - INFO - Операционная система: win32
2025-06-09 17:11:31 - INFO - Версия Python: 3.12.9 (tags/v3.12.9:fdb8142, Feb  4 2025, 15:27:58) [MSC v.1942 64 bit (AMD64)]
2025-06-09 17:11:31 - INFO - Текущая директория: C:\base_2\projects\1pap24\program\test_one24
2025-06-09 17:11:31 - INFO - Файл логов: c:\base_2\projects\1pap24\program\test_one24\app.log
2025-06-09 17:11:32 - INFO - Приложение запущено
2025-06-09 17:14:32 - INFO - Логирование инициализировано успешно
2025-06-09 17:14:32 - TEST - Проверка доступа к файлу логов
2025-06-09 17:14:32 - INFO - Файл логов доступен для записи: C:\base_2\projects\1pap24\program\test_one24\app.log
2025-06-09 17:14:32 - INFO - ================================================================================
2025-06-09 17:14:32 - INFO - Запуск приложения
2025-06-09 17:14:32 - INFO - Операционная система: win32
2025-06-09 17:14:32 - INFO - Версия Python: 3.12.9 (tags/v3.12.9:fdb8142, Feb  4 2025, 15:27:58) [MSC v.1942 64 bit (AMD64)]
2025-06-09 17:14:32 - INFO - Текущая директория: C:\base_2\projects\1pap24\program\test_one24
2025-06-09 17:14:32 - INFO - Файл логов: C:\base_2\projects\1pap24\program\test_one24\app.log
2025-06-09 17:14:32 - INFO - Приложение запущено
2025-06-09 17:41:27 - INFO - Логирование инициализировано успешно
2025-06-09 17:41:27 - TEST - Проверка доступа к файлу логов
2025-06-09 17:41:27 - INFO - Файл логов доступен для записи: C:\base_2\projects\1pap24\program\test_one24\app.log
2025-06-09 17:41:27 - INFO - ================================================================================
2025-06-09 17:41:27 - INFO - Запуск приложения
2025-06-09 17:41:27 - INFO - Операционная система: win32
2025-06-09 17:41:27 - INFO - Версия Python: 3.12.9 (tags/v3.12.9:fdb8142, Feb  4 2025, 15:27:58) [MSC v.1942 64 bit (AMD64)]
2025-06-09 17:41:27 - INFO - Текущая директория: C:\base_2\projects\1pap24\program\test_one24
2025-06-09 17:41:27 - INFO - Файл логов: C:\base_2\projects\1pap24\program\test_one24\app.log
2025-06-09 17:41:27 - INFO - Приложение запущено
2025-06-09 18:02:28 - INFO - Логирование инициализировано успешно
2025-06-09 18:02:28 - TEST - Проверка доступа к файлу логов
2025-06-09 18:02:28 - INFO - Файл логов доступен для записи: C:\base_2\projects\1pap24\program\test_one24\app.log
2025-06-09 18:02:28 - INFO - ================================================================================
2025-06-09 18:02:28 - INFO - Запуск приложения
2025-06-09 18:02:28 - INFO - Операционная система: win32
2025-06-09 18:02:28 - INFO - Версия Python: 3.12.9 (tags/v3.12.9:fdb8142, Feb  4 2025, 15:27:58) [MSC v.1942 64 bit (AMD64)]
2025-06-09 18:02:28 - INFO - Текущая директория: C:\base_2\projects\1pap24\program\test_one24
2025-06-09 18:02:28 - INFO - Файл логов: C:\base_2\projects\1pap24\program\test_one24\app.log
2025-06-09 18:02:29 - INFO - Приложение запущено
2025-06-09 18:23:58 - INFO - Логирование инициализировано успешно
2025-06-09 18:23:58 - TEST - Проверка доступа к файлу логов
2025-06-09 18:23:58 - INFO - Файл логов доступен для записи: C:\base_2\projects\1pap24\program\test_one24\app.log
2025-06-09 18:23:58 - INFO - ================================================================================
2025-06-09 18:23:58 - INFO - Запуск приложения
2025-06-09 18:23:58 - INFO - Операционная система: win32
2025-06-09 18:23:58 - INFO - Версия Python: 3.12.9 (tags/v3.12.9:fdb8142, Feb  4 2025, 15:27:58) [MSC v.1942 64 bit (AMD64)]
2025-06-09 18:23:58 - INFO - Текущая директория: C:\base_2\projects\1pap24\program\test_one24
2025-06-09 18:23:58 - INFO - Файл логов: C:\base_2\projects\1pap24\program\test_one24\app.log
2025-06-09 18:23:58 - INFO - Приложение запущено
2025-06-09 18:27:38 - INFO - Ignored error after process had died: OSError(9, 'Неверный дескриптор', None, 6, None)
2025-06-09 18:27:38 - INFO - Ignored error after process had died: OSError(9, 'Неверный дескриптор', None, 6, None)
2025-06-09 18:33:53 - INFO - Логирование инициализировано успешно
2025-06-09 18:33:53 - TEST - Проверка доступа к файлу логов
2025-06-09 18:33:53 - INFO - Файл логов доступен для записи: C:\base_2\projects\1pap24\program\test_one24\app.log
2025-06-09 18:33:53 - INFO - ================================================================================
2025-06-09 18:33:53 - INFO - Запуск приложения
2025-06-09 18:33:53 - INFO - Операционная система: win32
2025-06-09 18:33:53 - INFO - Версия Python: 3.12.9 (tags/v3.12.9:fdb8142, Feb  4 2025, 15:27:58) [MSC v.1942 64 bit (AMD64)]
2025-06-09 18:33:53 - INFO - Текущая директория: C:\base_2\projects\1pap24\program\test_one24
2025-06-09 18:33:53 - INFO - Файл логов: C:\base_2\projects\1pap24\program\test_one24\app.log
2025-06-09 18:33:54 - INFO - Приложение запущено
2025-06-09 18:57:42 - INFO - Ignored error after process had died: OSError(9, 'Неверный дескриптор', None, 6, None)
2025-06-09 18:57:42 - INFO - Ignored error after process had died: OSError(9, 'Неверный дескриптор', None, 6, None)
2025-06-09 19:15:56 - INFO - Логирование инициализировано успешно
2025-06-09 19:15:56 - TEST - Проверка доступа к файлу логов
2025-06-09 19:15:56 - INFO - Файл логов доступен для записи: C:\base_2\projects\1pap24\program\test_one24\app.log
2025-06-09 19:15:56 - INFO - ================================================================================
2025-06-09 19:15:56 - INFO - Запуск приложения
2025-06-09 19:15:56 - INFO - Операционная система: win32
2025-06-09 19:15:56 - INFO - Версия Python: 3.12.9 (tags/v3.12.9:fdb8142, Feb  4 2025, 15:27:58) [MSC v.1942 64 bit (AMD64)]
2025-06-09 19:15:56 - INFO - Текущая директория: C:\base_2\projects\1pap24\program\test_one24
2025-06-09 19:15:56 - INFO - Файл логов: C:\base_2\projects\1pap24\program\test_one24\app.log
2025-06-09 19:15:57 - INFO - Приложение запущено
2025-06-09 19:20:43 - INFO - Ignored error after process had died: OSError(9, 'Неверный дескриптор', None, 6, None)
2025-06-09 19:20:43 - INFO - Ignored error after process had died: OSError(9, 'Неверный дескриптор', None, 6, None)
2025-06-09 19:24:46 - INFO - Логирование инициализировано успешно
2025-06-09 19:24:46 - TEST - Проверка доступа к файлу логов
2025-06-09 19:24:46 - INFO - Файл логов доступен для записи: C:\base_2\projects\1pap24\program\test_one24\app.log
2025-06-09 19:24:46 - INFO - ================================================================================
2025-06-09 19:24:46 - INFO - Запуск приложения
2025-06-09 19:24:46 - INFO - Операционная система: win32
2025-06-09 19:24:46 - INFO - Версия Python: 3.12.9 (tags/v3.12.9:fdb8142, Feb  4 2025, 15:27:58) [MSC v.1942 64 bit (AMD64)]
2025-06-09 19:24:46 - INFO - Текущая директория: C:\base_2\projects\1pap24\program\test_one24
2025-06-09 19:24:46 - INFO - Файл логов: C:\base_2\projects\1pap24\program\test_one24\app.log
2025-06-09 19:24:47 - INFO - Приложение запущено
2025-06-09 19:26:26 - INFO - Ignored error after process had died: OSError(9, 'Неверный дескриптор', None, 6, None)
2025-06-09 19:26:26 - INFO - Ignored error after process had died: OSError(9, 'Неверный дескриптор', None, 6, None)
2025-06-09 19:28:15 - INFO - Логирование инициализировано успешно
2025-06-09 19:28:15 - TEST - Проверка доступа к файлу логов
2025-06-09 19:28:15 - INFO - Файл логов доступен для записи: C:\base_2\projects\1pap24\program\test_one24\app.log
2025-06-09 19:28:15 - INFO - ================================================================================
2025-06-09 19:28:15 - INFO - Запуск приложения
2025-06-09 19:28:15 - INFO - Операционная система: win32
2025-06-09 19:28:15 - INFO - Версия Python: 3.12.9 (tags/v3.12.9:fdb8142, Feb  4 2025, 15:27:58) [MSC v.1942 64 bit (AMD64)]
2025-06-09 19:28:15 - INFO - Текущая директория: C:\base_2\projects\1pap24\program\test_one24
2025-06-09 19:28:15 - INFO - Файл логов: C:\base_2\projects\1pap24\program\test_one24\app.log
2025-06-09 19:28:15 - INFO - Приложение запущено
2025-06-09 19:33:48 - INFO - Ignored error after process had died: OSError(9, 'Неверный дескриптор', None, 6, None)
2025-06-09 19:33:48 - INFO - Ignored error after process had died: OSError(9, 'Неверный дескриптор', None, 6, None)
2025-06-10 11:16:17 - INFO - Логирование инициализировано успешно
2025-06-10 11:16:17 - TEST - Проверка доступа к файлу логов
2025-06-10 11:16:17 - INFO - Файл логов доступен для записи: C:\base_2\projects\1pap24\program\test_one24\app.log
2025-06-10 11:16:17 - INFO - ================================================================================
2025-06-10 11:16:17 - INFO - Запуск приложения
2025-06-10 11:16:17 - INFO - Операционная система: win32
2025-06-10 11:16:17 - INFO - Версия Python: 3.12.9 (tags/v3.12.9:fdb8142, Feb  4 2025, 15:27:58) [MSC v.1942 64 bit (AMD64)]
2025-06-10 11:16:17 - INFO - Текущая директория: C:\base_2\projects\1pap24\program\test_one24
2025-06-10 11:16:17 - INFO - Файл логов: C:\base_2\projects\1pap24\program\test_one24\app.log
2025-06-10 11:16:18 - INFO - Приложение запущено
2025-06-10 11:53:17 - INFO - Ignored error after process had died: OSError(9, 'Неверный дескриптор', None, 6, None)
2025-06-10 11:53:17 - INFO - Ignored error after process had died: OSError(9, 'Неверный дескриптор', None, 6, None)
2025-06-10 12:24:05 - INFO - Логирование инициализировано успешно
2025-06-10 12:24:05 - TEST - Проверка доступа к файлу логов
2025-06-10 12:24:05 - INFO - Файл логов доступен для записи: C:\base_2\projects\1pap24\program\test_one24\app.log
2025-06-10 12:24:05 - INFO - ================================================================================
2025-06-10 12:24:05 - INFO - Запуск приложения
2025-06-10 12:24:05 - INFO - Операционная система: win32
2025-06-10 12:24:05 - INFO - Версия Python: 3.12.9 (tags/v3.12.9:fdb8142, Feb  4 2025, 15:27:58) [MSC v.1942 64 bit (AMD64)]
2025-06-10 12:24:05 - INFO - Текущая директория: C:\base_2\projects\1pap24\program\test_one24
2025-06-10 12:24:05 - INFO - Файл логов: C:\base_2\projects\1pap24\program\test_one24\app.log
2025-06-10 12:24:05 - INFO - Приложение запущено
2025-06-10 12:27:42 - INFO - Ignored error after process had died: OSError(9, 'Неверный дескриптор', None, 6, None)
2025-06-10 12:27:42 - INFO - Ignored error after process had died: OSError(9, 'Неверный дескриптор', None, 6, None)
2025-06-10 12:33:13 - INFO - Логирование инициализировано успешно
2025-06-10 12:33:13 - TEST - Проверка доступа к файлу логов
2025-06-10 12:33:13 - INFO - Файл логов доступен для записи: C:\base_2\projects\1pap24\program\test_one24\app.log
2025-06-10 12:33:13 - INFO - ================================================================================
2025-06-10 12:33:13 - INFO - Запуск приложения
2025-06-10 12:33:13 - INFO - Операционная система: win32
2025-06-10 12:33:13 - INFO - Версия Python: 3.12.9 (tags/v3.12.9:fdb8142, Feb  4 2025, 15:27:58) [MSC v.1942 64 bit (AMD64)]
2025-06-10 12:33:13 - INFO - Текущая директория: C:\base_2\projects\1pap24\program\test_one24
2025-06-10 12:33:13 - INFO - Файл логов: C:\base_2\projects\1pap24\program\test_one24\app.log
2025-06-10 12:33:14 - INFO - Приложение запущено
2025-06-10 12:41:32 - INFO - Ignored error after process had died: OSError(9, 'Неверный дескриптор', None, 6, None)
2025-06-10 12:41:32 - INFO - Ignored error after process had died: OSError(9, 'Неверный дескриптор', None, 6, None)
2025-06-10 12:48:11 - INFO - Логирование инициализировано успешно
2025-06-10 12:48:11 - TEST - Проверка доступа к файлу логов
2025-06-10 12:48:11 - INFO - Файл логов доступен для записи: C:\base_2\projects\1pap24\program\test_one24\app.log
2025-06-10 12:48:11 - INFO - ================================================================================
2025-06-10 12:48:11 - INFO - Запуск приложения
2025-06-10 12:48:11 - INFO - Операционная система: win32
2025-06-10 12:48:11 - INFO - Версия Python: 3.12.9 (tags/v3.12.9:fdb8142, Feb  4 2025, 15:27:58) [MSC v.1942 64 bit (AMD64)]
2025-06-10 12:48:11 - INFO - Текущая директория: C:\base_2\projects\1pap24\program\test_one24
2025-06-10 12:48:11 - INFO - Файл логов: C:\base_2\projects\1pap24\program\test_one24\app.log
2025-06-10 12:48:11 - INFO - Приложение запущено
2025-06-10 17:56:10 - INFO - Логирование инициализировано успешно
2025-06-10 17:56:10 - INFO - ================================================================================
2025-06-10 17:56:10 - INFO - Запуск приложения с PySide6
2025-06-10 17:56:10 - INFO - Операционная система: win32
2025-06-10 17:56:10 - INFO - Версия Python: 3.12.9 (tags/v3.12.9:fdb8142, Feb  4 2025, 15:27:58) [MSC v.1942 64 bit (AMD64)]
2025-06-10 17:56:10 - INFO - Текущая директория: C:\base_2\projects\1pap24\program\test_one24
2025-06-10 17:56:10 - INFO - Файл логов: C:\base_2\projects\1pap24\program\test_one24\app.log
2025-06-10 18:12:35 - INFO - Логирование инициализировано успешно
2025-06-10 18:12:35 - INFO - ================================================================================
2025-06-10 18:12:35 - INFO - Запуск приложения с PySide6
2025-06-10 18:12:35 - INFO - Операционная система: win32
2025-06-10 18:12:35 - INFO - Версия Python: 3.12.9 (tags/v3.12.9:fdb8142, Feb  4 2025, 15:27:58) [MSC v.1942 64 bit (AMD64)]
2025-06-10 18:12:35 - INFO - Текущая директория: C:\base_2\projects\1pap24\program\test_one24
2025-06-10 18:12:35 - INFO - Файл логов: C:\base_2\projects\1pap24\program\test_one24\app.log
2025-06-10 18:12:36 - INFO - Приложение запущено с PySide6
2025-06-10 18:17:15 - INFO - Логирование инициализировано успешно
2025-06-10 18:17:15 - INFO - ================================================================================
2025-06-10 18:17:15 - INFO - Запуск приложения с PySide6
2025-06-10 18:17:15 - INFO - Операционная система: win32
2025-06-10 18:17:15 - INFO - Версия Python: 3.12.9 (tags/v3.12.9:fdb8142, Feb  4 2025, 15:27:58) [MSC v.1942 64 bit (AMD64)]
2025-06-10 18:17:15 - INFO - Текущая директория: C:\base_2\projects\1pap24\program\test_one24
2025-06-10 18:17:15 - INFO - Файл логов: C:\base_2\projects\1pap24\program\test_one24\app.log
2025-06-10 18:18:02 - INFO - Логирование инициализировано успешно
2025-06-10 18:18:02 - INFO - ================================================================================
2025-06-10 18:18:02 - INFO - Запуск приложения с PySide6
2025-06-10 18:18:02 - INFO - Операционная система: win32
2025-06-10 18:18:02 - INFO - Версия Python: 3.12.9 (tags/v3.12.9:fdb8142, Feb  4 2025, 15:27:58) [MSC v.1942 64 bit (AMD64)]
2025-06-10 18:18:02 - INFO - Текущая директория: C:\base_2\projects\1pap24\program\test_one24
2025-06-10 18:18:02 - INFO - Файл логов: C:\base_2\projects\1pap24\program\test_one24\app.log
2025-06-10 18:20:29 - INFO - Логирование инициализировано успешно
2025-06-10 18:20:29 - INFO - ================================================================================
2025-06-10 18:20:29 - INFO - Запуск приложения с PySide6
2025-06-10 18:20:29 - INFO - Операционная система: win32
2025-06-10 18:20:29 - INFO - Версия Python: 3.12.9 (tags/v3.12.9:fdb8142, Feb  4 2025, 15:27:58) [MSC v.1942 64 bit (AMD64)]
2025-06-10 18:20:29 - INFO - Текущая директория: C:\base_2\projects\1pap24\program\test_one24
2025-06-10 18:20:29 - INFO - Файл логов: C:\base_2\projects\1pap24\program\test_one24\app.log
2025-06-10 18:20:29 - INFO - Конфигурация загружена: 38 команд, 3 последовательностей
2025-06-10 18:20:30 - INFO - Приложение запущено с PySide6
2025-06-10 18:20:33 - INFO - Получены данные: ======== СИСТЕМА ЗАПУСКАЕТСЯ ========
2025-06-10 18:20:33 - INFO - Получены данные: Версия: 2.1 (синхронная)
2025-06-10 18:20:33 - INFO - Получены данные: Дата: 2024-12-19
2025-06-10 18:20:33 - INFO - Получены данные: Инициализация шаговых двигателей...
2025-06-10 18:20:33 - INFO - Получены данные: Инициализация шаговых двигателей с индивидуальными настройками...
2025-06-10 18:20:33 - INFO - Получены данные: Применение конфигураций двигателей:
2025-06-10 18:20:33 - INFO - Получены данные: Multi: Активация двигателя... Enable pin 38 ДО активации: 0, ПОСЛЕ активации: 0. Конфигурация: скорость=6000, ускорение=5000, шагов/оборот=200, enable_pin=38 [АКТИВИРОВАН]
2025-06-10 18:20:33 - INFO - Получены данные: Multizone: Активация двигателя... Enable pin 56 ДО активации: 0, ПОСЛЕ активации: 0. Конфигурация: скорость=600, ускорение=800, шагов/оборот=200, enable_pin=56 [АКТИВИРОВАН]
2025-06-10 18:20:33 - INFO - Получены данные: RRight: Активация двигателя... Enable pin 62 ДО активации: 0, ПОСЛЕ активации: 0. Конфигурация: скорость=30000, ускорение=2000, шагов/оборот=200, enable_pin=62 [АКТИВИРОВАН]
2025-06-10 18:20:33 - INFO - Получены данные: E0: Активация двигателя... Enable pin 24 ДО активации: 0, ПОСЛЕ активации: 0. Конфигурация: скорость=2000, ускорение=2000, шагов/оборот=200, enable_pin=24 [АКТИВИРОВАН]
2025-06-10 18:20:33 - INFO - Получены данные: E1: Активация двигателя... Enable pin 30 ДО активации: 0, ПОСЛЕ активации: 0. Конфигурация: скорость=2000, ускорение=2000, шагов/оборот=200, enable_pin=30 [АКТИВИРОВАН]
2025-06-10 18:20:34 - INFO - Получены данные: Инициализация шаговых двигателей завершена
2025-06-10 18:20:34 - INFO - Получены данные: Enable пины настроены, управляются библиотекой GyverStepper2
2025-06-10 18:20:34 - INFO - Получены данные: Инициализация датчиков...
2025-06-10 18:20:34 - INFO - Получены данные: Инициализация датчика веса...
2025-06-10 18:20:34 - INFO - Получены данные: Датчик веса инициализирован и тарирован
2025-06-10 18:20:34 - INFO - Получены данные: Инициализация клапанов и насоса...
2025-06-10 18:20:34 - INFO - Получены данные: Настройка обработчиков команд...
2025-06-10 18:20:34 - INFO - Получены данные: Регистрация обработчиков команд...
2025-06-10 18:20:34 - INFO - Получены данные: Регистрация обработчиков завершена.
2025-06-10 18:20:34 - INFO - Получены данные: ======== СИСТЕМА ГОТОВА ========
2025-06-10 18:20:34 - INFO - Получены данные: РЕЖИМ: Синхронная обработка команд
2025-06-10 18:20:34 - INFO - Получены данные: Каждая команда выполняется полностью до завершения
2025-06-10 18:20:34 - INFO - Получены данные: Доступные команды:
2025-06-10 18:20:34 - INFO - Получены данные: Движение:
2025-06-10 18:20:35 - INFO - Получены данные: - move_multi <позиция>
2025-06-10 18:20:35 - INFO - Получены данные: - move_multizone <позиция>
2025-06-10 18:20:35 - INFO - Получены данные: - move_rright <позиция>
2025-06-10 18:20:35 - INFO - Получены данные: Хоминг:
2025-06-10 18:20:35 - INFO - Получены данные: - zero_multi, zero_multizone, zero_rright
2025-06-10 18:20:35 - INFO - Получены данные: Clamp (E0/E1):
2025-06-10 18:20:35 - INFO - Получены данные: - clamp <позиция>
2025-06-10 18:20:35 - INFO - Получены данные: - clamp_zero
2025-06-10 18:20:35 - INFO - Получены данные: - clamp_stop
2025-06-10 18:20:35 - INFO - Получены данные: Клапаны:
2025-06-10 18:20:35 - INFO - Получены данные: - kl1 <время>, kl2 <время>
2025-06-10 18:20:35 - INFO - Получены данные: - kl1_on/off, kl2_on/off
2025-06-10 18:20:35 - INFO - Получены данные: Насос:
2025-06-10 18:20:35 - INFO - Получены данные: - pump_on/off
2025-06-10 18:20:35 - INFO - Получены данные: Датчики:
2025-06-10 18:20:35 - INFO - Получены данные: - weight, raw_weight
2025-06-10 18:20:36 - INFO - Получены данные: - calibrate_weight
2025-06-10 18:20:36 - INFO - Получены данные: - calibrate_weight_factor <коэффициент>
2025-06-10 18:20:36 - INFO - Получены данные: - weight_report_on/off
2025-06-10 18:20:36 - INFO - Получены данные: - staterotor, waste
2025-06-10 18:20:36 - INFO - Получены данные: Диагностика:
2025-06-10 18:20:36 - INFO - Получены данные: - check_all_endstops
2025-06-10 18:20:36 - INFO - Получены данные: - test
2025-06-10 18:20:36 - INFO - Получены данные: Ожидание команд...
2025-06-10 18:22:18 - INFO - Отправлена команда: clamp 6000
2025-06-10 18:22:18 - INFO - Получены данные: RECEIVED
2025-06-10 18:22:18 - INFO - Получены данные: Выполнение команды clamp к позиции: 6000
2025-06-10 18:22:18 - INFO - Получены данные: Начало выполнения команды clamp с индивидуальными настройками
2025-06-10 18:22:18 - INFO - Получены данные: Текущие позиции - E0: 0, E1: 0
2025-06-10 18:22:18 - INFO - Получены данные: Целевая позиция: 6000
2025-06-10 18:22:18 - INFO - Получены данные: Максимальное расстояние: 6000, таймаут: 90000
2025-06-10 18:22:18 - INFO - Получены данные: Прогресс - E0: 1/6000, E1: 1/6000
2025-06-10 18:22:20 - INFO - Получены данные: Прогресс - E0: 3013/6000, E1: 3013/6000
2025-06-10 18:22:22 - INFO - Получены данные: Прогресс - E0: 6000/6000, E1: 6000/6000
2025-06-10 18:22:24 - INFO - Получены данные: Прогресс - E0: 6000/6000, E1: 6000/6000
2025-06-10 18:22:26 - INFO - Отправлена команда: clamp 0
2025-06-10 18:22:26 - INFO - Получены данные: Прогресс - E0: 6000/6000, E1: 6000/6000
2025-06-10 18:22:28 - INFO - Получены данные: Прогресс - E0: 6000/6000, E1: 6000/6000
2025-06-10 18:22:30 - INFO - Получены данные: Прогресс - E0: 6000/6000, E1: 6000/6000
2025-06-10 18:22:31 - INFO - Отправлена команда: clamp -20000
2025-06-10 18:22:32 - INFO - Получены данные: Прогресс - E0: 6000/6000, E1: 6000/6000
2025-06-10 18:22:32 - INFO - Отправлена команда: clamp 0
2025-06-10 18:22:34 - INFO - Получены данные: Прогресс - E0: 6000/6000, E1: 6000/6000
2025-06-10 18:22:36 - INFO - Получены данные: Прогресс - E0: 6000/6000, E1: 6000/6000
2025-06-10 18:22:38 - INFO - Получены данные: Прогресс - E0: 6000/6000, E1: 6000/6000
2025-06-10 18:22:40 - INFO - Получены данные: Прогресс - E0: 6000/6000, E1: 6000/6000
2025-06-10 18:22:42 - INFO - Получены данные: Прогресс - E0: 6000/6000, E1: 6000/6000
2025-06-10 18:22:44 - INFO - Получены данные: Прогресс - E0: 6000/6000, E1: 6000/6000
2025-06-10 18:22:46 - INFO - Получены данные: Прогресс - E0: 6000/6000, E1: 6000/6000
2025-06-10 18:22:47 - INFO - Отправлена команда: zero_multi
2025-06-10 18:22:48 - INFO - Получены данные: Прогресс - E0: 6000/6000, E1: 6000/6000
2025-06-10 18:22:50 - INFO - Получены данные: Прогресс - E0: 6000/6000, E1: 6000/6000
2025-06-10 18:22:52 - INFO - Получены данные: Прогресс - E0: 6000/6000, E1: 6000/6000
2025-06-10 18:22:54 - INFO - Получены данные: Прогресс - E0: 6000/6000, E1: 6000/6000
2025-06-10 18:22:56 - INFO - Получены данные: Прогресс - E0: 6000/6000, E1: 6000/6000
2025-06-10 18:22:58 - INFO - Получены данные: Прогресс - E0: 6000/6000, E1: 6000/6000
2025-06-10 18:22:59 - INFO - Отправлена команда: zero_multi
2025-06-10 18:23:00 - INFO - Получены данные: Прогресс - E0: 6000/6000, E1: 6000/6000
2025-06-10 18:23:02 - INFO - Получены данные: Прогресс - E0: 6000/6000, E1: 6000/6000
2025-06-10 18:23:04 - INFO - Получены данные: Прогресс - E0: 6000/6000, E1: 6000/6000
2025-06-10 18:23:06 - INFO - Получены данные: Прогресс - E0: 6000/6000, E1: 6000/6000
2025-06-10 18:23:08 - INFO - Получены данные: Прогресс - E0: 6000/6000, E1: 6000/6000
2025-06-10 18:23:10 - INFO - Получены данные: Прогресс - E0: 6000/6000, E1: 6000/6000
2025-06-10 18:23:12 - INFO - Получены данные: Прогресс - E0: 6000/6000, E1: 6000/6000
2025-06-10 18:23:14 - INFO - Получены данные: Прогресс - E0: 6000/6000, E1: 6000/6000
2025-06-10 18:23:16 - INFO - Получены данные: Прогресс - E0: 6000/6000, E1: 6000/6000
2025-06-10 18:23:18 - INFO - Получены данные: Прогресс - E0: 6000/6000, E1: 6000/6000
2025-06-10 18:23:22 - INFO - Получены данные: ======== СИСТЕМА ЗАПУСКАЕТСЯ ========
2025-06-10 18:23:22 - INFO - Получены данные: Версия: 2.1 (синхронная)
2025-06-10 18:23:22 - INFO - Получены данные: Дата: 2024-12-19
2025-06-10 18:23:22 - INFO - Получены данные: Инициализация шаговых двигателей...
2025-06-10 18:23:22 - INFO - Получены данные: Инициализация шаговых двигателей с индивидуальными настройками...
2025-06-10 18:23:22 - INFO - Получены данные: Применение конфигураций двигателей:
2025-06-10 18:23:22 - INFO - Получены данные: Multi: Активация двигателя... Enable pin 38 ДО активации: 0, ПОСЛЕ активации: 0. Конфигурация: скорость=6000, ускорение=5000, шагов/оборот=200, enable_pin=38 [АКТИВИРОВАН]
2025-06-10 18:23:22 - INFO - Получены данные: Multizone: Активация двигателя... Enable pin 56 ДО активации: 0, ПОСЛЕ активации: 0. Конфигурация: скорость=600, ускорение=800, шагов/оборот=200, enable_pin=56 [АКТИВИРОВАН]
2025-06-10 18:23:22 - INFO - Получены данные: RRight: Активация двигателя... Enable pin 62 ДО активации: 0, ПОСЛЕ активации: 0. Конфигурация: скорость=30000, ускорение=2000, шагов/оборот=200, enable_pin=62 [АКТИВИРОВАН]
2025-06-10 18:23:22 - INFO - Получены данные: E0: Активация двигателя... Enable pin 24 ДО активации: 0, ПОСЛЕ активации: 0. Конфигурация: скорость=2000, ускорение=2000, шагов/оборот=200, enable_pin=24 [АКТИВИРОВАН]
2025-06-10 18:23:22 - INFO - Получены данные: E1: Активация двигателя... Enable pin 30 ДО активации: 0, ПОСЛЕ активации: 0. Конфигурация: скорость=2000, ускорение=2000, шагов/оборот=200, enable_pin=30 [АКТИВИРОВАН]
2025-06-10 18:23:22 - INFO - Получены данные: Инициализация шаговых двигателей завершена
2025-06-10 18:23:22 - INFO - Получены данные: Enable пины настроены, управляются библиотекой GyverStepper2
2025-06-10 18:23:23 - INFO - Получены данные: Инициализация датчиков...
2025-06-10 18:23:23 - INFO - Получены данные: Инициализация датчика веса...
2025-06-10 18:23:23 - INFO - Получены данные: Датчик веса инициализирован и тарирован
2025-06-10 18:23:23 - INFO - Получены данные: Инициализация клапанов и насоса...
2025-06-10 18:23:23 - INFO - Получены данные: Настройка обработчиков команд...
2025-06-10 18:23:23 - INFO - Получены данные: Регистрация обработчиков команд...
2025-06-10 18:23:23 - INFO - Получены данные: Регистрация обработчиков завершена.
2025-06-10 18:23:23 - INFO - Получены данные: ======== СИСТЕМА ГОТОВА ========
2025-06-10 18:23:23 - INFO - Получены данные: РЕЖИМ: Синхронная обработка команд
2025-06-10 18:23:23 - INFO - Получены данные: Каждая команда выполняется полностью до завершения
2025-06-10 18:23:23 - INFO - Получены данные: Доступные команды:
2025-06-10 18:23:23 - INFO - Получены данные: Движение:
2025-06-10 18:23:23 - INFO - Получены данные: - move_multi <позиция>
2025-06-10 18:23:23 - INFO - Получены данные: - move_multizone <позиция>
2025-06-10 18:23:24 - INFO - Получены данные: - move_rright <позиция>
2025-06-10 18:23:24 - INFO - Получены данные: Хоминг:
2025-06-10 18:23:24 - INFO - Получены данные: - zero_multi, zero_multizone, zero_rright
2025-06-10 18:23:24 - INFO - Получены данные: Clamp (E0/E1):
2025-06-10 18:23:24 - INFO - Получены данные: - clamp <позиция>
2025-06-10 18:23:24 - INFO - Получены данные: - clamp_zero
2025-06-10 18:23:24 - INFO - Получены данные: - clamp_stop
2025-06-10 18:23:24 - INFO - Получены данные: Клапаны:
2025-06-10 18:23:24 - INFO - Получены данные: - kl1 <время>, kl2 <время>
2025-06-10 18:23:24 - INFO - Получены данные: - kl1_on/off, kl2_on/off
2025-06-10 18:23:24 - INFO - Получены данные: Насос:
2025-06-10 18:23:24 - INFO - Получены данные: - pump_on/off
2025-06-10 18:23:24 - INFO - Получены данные: Датчики:
2025-06-10 18:23:24 - INFO - Получены данные: - weight, raw_weight
2025-06-10 18:23:24 - INFO - Получены данные: - calibrate_weight
2025-06-10 18:23:24 - INFO - Получены данные: - calibrate_weight_factor <коэффициент>
2025-06-10 18:23:25 - INFO - Получены данные: - weight_report_on/off
2025-06-10 18:23:25 - INFO - Получены данные: - staterotor, waste
2025-06-10 18:23:25 - INFO - Получены данные: Диагностика:
2025-06-10 18:23:25 - INFO - Получены данные: - check_all_endstops
2025-06-10 18:23:25 - INFO - Получены данные: - test
2025-06-10 18:23:25 - INFO - Получены данные: Ожидание команд...
2025-06-10 18:23:30 - INFO - Получены данные: RECEIVED
2025-06-10 18:23:30 - INFO - Получены данные: Включение клапана KL2 (пин 10)
2025-06-10 18:23:30 - INFO - Получены данные: Клапан KL2 включен
2025-06-10 18:23:30 - INFO - Получены данные: COMPLETED
2025-06-10 18:23:30 - INFO - Получены данные: Unknown command: KL3
2025-06-10 18:23:49 - INFO - Отправлена команда: kl2_on
2025-06-10 18:23:49 - INFO - Получены данные: RECEIVED
2025-06-10 18:23:49 - INFO - Получены данные: Включение клапана KL2 (пин 10)
2025-06-10 18:23:50 - INFO - Получены данные: Клапан KL2 включен
2025-06-10 18:23:50 - INFO - Получены данные: COMPLETED
2025-06-10 18:23:52 - INFO - Отправлена команда: kl2_off
2025-06-10 18:23:52 - INFO - Получены данные: RECEIVED
2025-06-10 18:23:52 - INFO - Получены данные: Выключение клапана KL2 (пин 10)
2025-06-10 18:23:52 - INFO - Получены данные: Клапан KL2 выключен
2025-06-10 18:23:52 - INFO - Получены данные: COMPLETED
2025-06-10 18:23:56 - INFO - Отправлена команда: zero_multi
2025-06-10 18:23:56 - INFO - Получены данные: RECEIVED
2025-06-10 18:23:56 - INFO - Получены данные: Начало хоминга Multi...
2025-06-10 18:23:56 - INFO - Получены данные: Начало процедуры хоминга с индивидуальными настройками...
2025-06-10 18:23:56 - INFO - Получены данные: Хоминг Multi со скоростью 6000 steps/sec, датчик тип: PNP
2025-06-10 18:23:56 - INFO - Получены данные: Начальное состояние датчика: СРАБОТАЛ
2025-06-10 18:23:56 - INFO - Получены данные: Датчик уже сработал, отъезжаем...
2025-06-10 18:23:57 - INFO - Получены данные: Успешно отъехали от датчика
2025-06-10 18:23:57 - INFO - Получены данные: Движемся к концевику...
2025-06-10 18:23:57 - INFO - Получены данные: ХОМИНГ Multi: позиция=200, время=0с
2025-06-10 18:23:57 - INFO - Получены данные: Концевик сработал!
2025-06-10 18:23:57 - INFO - Получены данные: Концевик сработал (тип: PNP), позиция сброшена в 0
2025-06-10 18:23:57 - INFO - Получены данные: Отъезжаем от концевика...
2025-06-10 18:23:57 - INFO - Получены данные: Хоминг Multi завершен успешно
2025-06-10 18:23:57 - INFO - Получены данные: Хоминг Multi завершен
2025-06-10 18:23:57 - INFO - Получены данные: COMPLETED
2025-06-10 18:24:00 - INFO - Отправлена команда: zero_multi
2025-06-10 18:24:00 - INFO - Получены данные: RECEIVED
2025-06-10 18:24:00 - INFO - Получены данные: Начало хоминга Multi...
2025-06-10 18:24:00 - INFO - Получены данные: Начало процедуры хоминга с индивидуальными настройками...
2025-06-10 18:24:00 - INFO - Получены данные: Хоминг Multi со скоростью 6000 steps/sec, датчик тип: PNP
2025-06-10 18:24:01 - INFO - Получены данные: Начальное состояние датчика: НЕ СРАБОТАЛ
2025-06-10 18:24:01 - INFO - Получены данные: Движемся к концевику...
2025-06-10 18:24:01 - INFO - Получены данные: ХОМИНГ Multi: позиция=0, время=0с
2025-06-10 18:24:01 - INFO - Получены данные: Концевик сработал!
2025-06-10 18:24:01 - INFO - Получены данные: Концевик сработал (тип: PNP), позиция сброшена в 0
2025-06-10 18:24:01 - INFO - Получены данные: Отъезжаем от концевика...
2025-06-10 18:24:01 - INFO - Получены данные: Хоминг Multi завершен успешно
2025-06-10 18:24:01 - INFO - Получены данные: Хоминг Multi завершен
2025-06-10 18:24:01 - INFO - Получены данные: COMPLETED
2025-06-10 18:24:02 - INFO - Отправлена команда: zero_multi
2025-06-10 18:24:02 - INFO - Получены данные: RECEIVED
2025-06-10 18:24:02 - INFO - Получены данные: Начало хоминга Multi...
2025-06-10 18:24:02 - INFO - Получены данные: Начало процедуры хоминга с индивидуальными настройками...
2025-06-10 18:24:03 - INFO - Получены данные: Хоминг Multi со скоростью 6000 steps/sec, датчик тип: PNP
2025-06-10 18:24:03 - INFO - Получены данные: Начальное состояние датчика: НЕ СРАБОТАЛ
2025-06-10 18:24:03 - INFO - Получены данные: Движемся к концевику...
2025-06-10 18:24:03 - INFO - Получены данные: ХОМИНГ Multi: позиция=0, время=0с
2025-06-10 18:24:03 - INFO - Получены данные: Концевик сработал!
2025-06-10 18:24:03 - INFO - Получены данные: Ошибка: концевик не сработал за отведенное время
2025-06-10 18:24:03 - INFO - Получены данные: ERR: HOMING TIMEOUT
2025-06-10 18:24:05 - INFO - Отправлена команда: zero_multi
2025-06-10 18:24:05 - INFO - Получены данные: RECEIVED
2025-06-10 18:24:05 - INFO - Получены данные: Начало хоминга Multi...
2025-06-10 18:24:05 - INFO - Получены данные: Начало процедуры хоминга с индивидуальными настройками...
2025-06-10 18:24:05 - INFO - Получены данные: Хоминг Multi со скоростью 6000 steps/sec, датчик тип: PNP
2025-06-10 18:24:05 - INFO - Получены данные: Начальное состояние датчика: СРАБОТАЛ
2025-06-10 18:24:05 - INFO - Получены данные: Датчик уже сработал, отъезжаем...
2025-06-10 18:24:06 - INFO - Получены данные: Успешно отъехали от датчика
2025-06-10 18:24:06 - INFO - Получены данные: Движемся к концевику...
2025-06-10 18:24:06 - INFO - Получены данные: ХОМИНГ Multi: позиция=100, время=0с
2025-06-10 18:24:06 - INFO - Получены данные: Концевик сработал!
2025-06-10 18:24:06 - INFO - Получены данные: Ошибка: концевик не сработал за отведенное время
2025-06-10 18:24:06 - INFO - Получены данные: ERR: HOMING TIMEOUT
2025-06-10 18:24:14 - INFO - Отправлена команда: pump_on
2025-06-10 18:24:14 - INFO - Получены данные: RECEIVED
2025-06-10 18:24:14 - INFO - Получены данные: Включение насоса (пин 18)...
2025-06-10 18:24:14 - INFO - Получены данные: Насос включен
2025-06-10 18:24:14 - INFO - Получены данные: COMPLETED
2025-06-10 18:24:15 - INFO - Отправлена команда: pump_off
2025-06-10 18:24:15 - INFO - Получены данные: RECEIVED
2025-06-10 18:24:15 - INFO - Получены данные: Выключение насоса (пин 18)...
2025-06-10 18:24:15 - INFO - Получены данные: Насос выключен
2025-06-10 18:24:15 - INFO - Получены данные: COMPLETED
2025-06-10 18:35:10 - INFO - Логирование инициализировано успешно
2025-06-10 18:35:10 - INFO - ================================================================================
2025-06-10 18:35:10 - INFO - Запуск приложения с PySide6
2025-06-10 18:35:10 - INFO - Операционная система: win32
2025-06-10 18:35:10 - INFO - Версия Python: 3.12.9 (tags/v3.12.9:fdb8142, Feb  4 2025, 15:27:58) [MSC v.1942 64 bit (AMD64)]
2025-06-10 18:35:10 - INFO - Текущая директория: C:\base_2\projects\1pap24\program\test_one24
2025-06-10 18:35:10 - INFO - Файл логов: C:\base_2\projects\1pap24\program\test_one24\app.log
2025-06-10 18:35:10 - INFO - Найдено разделов: ['прижим правого ротора', 'Настройка нулевого положения', 'Управление клапанами', 'Чтение датчиков', 'Команды второго ротора (Right)', 'Переключающий клапан', 'насос вакуумный']
2025-06-10 18:35:10 - INFO - Конфигурация загружена: 38 команд, 3 последовательностей, 7 разделов
2025-06-10 18:35:10 - INFO - Приложение запущено с PySide6
2025-06-10 18:35:13 - INFO - Получены данные: ======== СИСТЕМА ЗАПУСКАЕТСЯ ========
2025-06-10 18:35:13 - INFO - Получены данные: Версия: 2.1 (синхронная)
2025-06-10 18:35:13 - INFO - Получены данные: Дата: 2024-12-19
2025-06-10 18:35:13 - INFO - Получены данные: Инициализация шаговых двигателей...
2025-06-10 18:35:13 - INFO - Получены данные: Инициализация шаговых двигателей с индивидуальными настройками...
2025-06-10 18:35:14 - INFO - Получены данные: Применение конфигураций двигателей:
2025-06-10 18:35:14 - INFO - Получены данные: Multi: Активация двигателя... Enable pin 38 ДО активации: 0, ПОСЛЕ активации: 0. Конфигурация: скорость=6000, ускорение=5000, шагов/оборот=200, enable_pin=38 [АКТИВИРОВАН]
2025-06-10 18:35:14 - INFO - Получены данные: Multizone: Активация двигателя... Enable pin 56 ДО активации: 0, ПОСЛЕ активации: 0. Конфигурация: скорость=600, ускорение=800, шагов/оборот=200, enable_pin=56 [АКТИВИРОВАН]
2025-06-10 18:35:14 - INFO - Получены данные: RRight: Активация двигателя... Enable pin 62 ДО активации: 0, ПОСЛЕ активации: 0. Конфигурация: скорость=30000, ускорение=2000, шагов/оборот=200, enable_pin=62 [АКТИВИРОВАН]
2025-06-10 18:35:14 - INFO - Получены данные: E0: Активация двигателя... Enable pin 24 ДО активации: 0, ПОСЛЕ активации: 0. Конфигурация: скорость=2000, ускорение=2000, шагов/оборот=200, enable_pin=24 [АКТИВИРОВАН]
2025-06-10 18:35:14 - INFO - Получены данные: E1: Активация двигателя... Enable pin 30 ДО активации: 0, ПОСЛЕ активации: 0. Конфигурация: скорость=2000, ускорение=2000, шагов/оборот=200, enable_pin=30 [АКТИВИРОВАН]
2025-06-10 18:35:14 - INFO - Получены данные: Инициализация шаговых двигателей завершена
2025-06-10 18:35:14 - INFO - Получены данные: Enable пины настроены, управляются библиотекой GyverStepper2
2025-06-10 18:35:14 - INFO - Получены данные: Инициализация датчиков...
2025-06-10 18:35:14 - INFO - Получены данные: Инициализация датчика веса...
2025-06-10 18:35:14 - INFO - Получены данные: Датчик веса инициализирован и тарирован
2025-06-10 18:35:14 - INFO - Получены данные: Инициализация клапанов и насоса...
2025-06-10 18:35:14 - INFO - Получены данные: Настройка обработчиков команд...
2025-06-10 18:35:14 - INFO - Получены данные: Регистрация обработчиков команд...
2025-06-10 18:35:14 - INFO - Получены данные: Регистрация обработчиков завершена.
2025-06-10 18:35:15 - INFO - Получены данные: ======== СИСТЕМА ГОТОВА ========
2025-06-10 18:35:15 - INFO - Получены данные: РЕЖИМ: Синхронная обработка команд
2025-06-10 18:35:15 - INFO - Получены данные: Каждая команда выполняется полностью до завершения
2025-06-10 18:35:15 - INFO - Получены данные: Доступные команды:
2025-06-10 18:35:15 - INFO - Получены данные: Движение:
2025-06-10 18:35:15 - INFO - Получены данные: - move_multi <позиция>
2025-06-10 18:35:15 - INFO - Получены данные: - move_multizone <позиция>
2025-06-10 18:35:15 - INFO - Получены данные: - move_rright <позиция>
2025-06-10 18:35:15 - INFO - Получены данные: Хоминг:
2025-06-10 18:35:15 - INFO - Получены данные: - zero_multi, zero_multizone, zero_rright
2025-06-10 18:35:15 - INFO - Получены данные: Clamp (E0/E1):
2025-06-10 18:35:15 - INFO - Получены данные: - clamp <позиция>
2025-06-10 18:35:15 - INFO - Получены данные: - clamp_zero
2025-06-10 18:35:15 - INFO - Получены данные: - clamp_stop
2025-06-10 18:35:15 - INFO - Получены данные: Клапаны:
2025-06-10 18:35:16 - INFO - Получены данные: - kl1 <время>, kl2 <время>
2025-06-10 18:35:16 - INFO - Получены данные: - kl1_on/off, kl2_on/off
2025-06-10 18:35:16 - INFO - Получены данные: Насос:
2025-06-10 18:35:16 - INFO - Получены данные: - pump_on/off
2025-06-10 18:35:16 - INFO - Получены данные: Датчики:
2025-06-10 18:35:16 - INFO - Получены данные: - weight, raw_weight
2025-06-10 18:35:16 - INFO - Получены данные: - calibrate_weight
2025-06-10 18:35:16 - INFO - Получены данные: - calibrate_weight_factor <коэффициент>
2025-06-10 18:35:16 - INFO - Получены данные: - weight_report_on/off
2025-06-10 18:35:16 - INFO - Получены данные: - staterotor, waste
2025-06-10 18:35:16 - INFO - Получены данные: Диагностика:
2025-06-10 18:35:16 - INFO - Получены данные: - check_all_endstops
2025-06-10 18:35:16 - INFO - Получены данные: - test
2025-06-10 18:35:16 - INFO - Получены данные: Ожидание команд...
2025-06-10 18:35:44 - INFO - Найдено разделов: ['прижим правого ротора', 'обнуление', 'Управление клапанами', 'Чтение датчиков', 'Команды второго ротора (Right)', 'Переключающий клапан', 'насос вакуумный']
2025-06-10 18:35:44 - INFO - Конфигурация загружена: 38 команд, 3 последовательностей, 7 разделов
2025-06-10 18:35:49 - INFO - Отправлена команда: zero_rright
2025-06-10 18:35:49 - INFO - Получены данные: RECEIVED
2025-06-10 18:35:49 - INFO - Получены данные: Начало хоминга RRight...
2025-06-10 18:35:49 - INFO - Получены данные: Начало процедуры хоминга с индивидуальными настройками...
2025-06-10 18:35:49 - INFO - Получены данные: Хоминг RRight со скоростью 2000 steps/sec, датчик тип: NPN
2025-06-10 18:35:49 - INFO - Получены данные: Начальное состояние датчика: НЕ СРАБОТАЛ
2025-06-10 18:35:49 - INFO - Получены данные: Движемся к концевику...
2025-06-10 18:35:49 - INFO - Получены данные: ХОМИНГ RRight: позиция=0, время=0с
2025-06-10 18:35:52 - INFO - Получены данные: ХОМИНГ RRight: позиция=-4948, время=3с
2025-06-10 18:35:55 - INFO - Получены данные: ХОМИНГ RRight: позиция=-10818, время=6с
2025-06-10 18:35:58 - INFO - Получены данные: ХОМИНГ RRight: позиция=-16689, время=9с
2025-06-10 18:36:01 - INFO - Получены данные: ХОМИНГ RRight: позиция=-22561, время=12с
2025-06-10 18:36:04 - INFO - Получены данные: ХОМИНГ RRight: позиция=-28432, время=15с
2025-06-10 18:36:07 - INFO - Получены данные: ХОМИНГ RRight: позиция=-34301, время=18с
2025-06-10 18:36:10 - INFO - Получены данные: ХОМИНГ RRight: позиция=-40172, время=21с
2025-06-10 18:36:13 - INFO - Получены данные: ХОМИНГ RRight: позиция=-46043, время=24с
2025-06-10 18:36:16 - INFO - Получены данные: Ошибка: концевик не сработал за отведенное время
2025-06-10 18:36:16 - INFO - Получены данные: ERR: HOMING TIMEOUT
2025-06-10 18:45:37 - INFO - Получены данные: Ошибка чтения: ClearCommError failed (PermissionError(13, 'Отказано в доступе.', None, 5))
2025-06-10 18:46:08 - ERROR - Ошибка отправки команды: WriteFile failed (PermissionError(13, 'Отказано в доступе.', None, 5))
2025-06-10 18:46:13 - ERROR - Ошибка отправки команды: WriteFile failed (PermissionError(13, 'Отказано в доступе.', None, 5))
2025-06-10 18:46:14 - ERROR - Ошибка отправки команды: WriteFile failed (PermissionError(13, 'Отказано в доступе.', None, 5))
2025-06-10 18:46:14 - ERROR - Ошибка отправки команды: WriteFile failed (PermissionError(13, 'Отказано в доступе.', None, 5))
2025-06-10 18:46:14 - ERROR - Ошибка отправки команды: WriteFile failed (PermissionError(13, 'Отказано в доступе.', None, 5))
2025-06-10 18:46:17 - ERROR - Ошибка отправки команды: WriteFile failed (PermissionError(13, 'Отказано в доступе.', None, 5))
2025-06-10 18:46:26 - INFO - Получены данные: ======== СИСТЕМА ЗАПУСКАЕТСЯ ========
2025-06-10 18:46:26 - INFO - Получены данные: Версия: 2.1 (синхронная)
2025-06-10 18:46:26 - INFO - Получены данные: Дата: 2024-12-19
2025-06-10 18:46:26 - INFO - Получены данные: Инициализация шаговых двигателей...
2025-06-10 18:46:26 - INFO - Получены данные: Инициализация шаговых двигателей с индивидуальными настройками...
2025-06-10 18:46:26 - INFO - Получены данные: Применение конфигураций двигателей:
2025-06-10 18:46:26 - INFO - Получены данные: Multi: Активация двигателя... Enable pin 38 ДО активации: 0, ПОСЛЕ активации: 0. Конфигурация: скорость=6000, ускорение=5000, шагов/оборот=200, enable_pin=38 [АКТИВИРОВАН]
2025-06-10 18:46:26 - INFO - Получены данные: Multizone: Активация двигателя... Enable pin 56 ДО активации: 0, ПОСЛЕ активации: 0. Конфигурация: скорость=600, ускорение=800, шагов/оборот=200, enable_pin=56 [АКТИВИРОВАН]
2025-06-10 18:46:26 - INFO - Получены данные: RRight: Активация двигателя... Enable pin 62 ДО активации: 0, ПОСЛЕ активации: 0. Конфигурация: скорость=30000, ускорение=2000, шагов/оборот=200, enable_pin=62 [АКТИВИРОВАН]
2025-06-10 18:46:26 - INFO - Получены данные: E0: Активация двигателя... Enable pin 24 ДО активации: 0, ПОСЛЕ активации: 0. Конфигурация: скорость=2000, ускорение=2000, шагов/оборот=200, enable_pin=24 [АКТИВИРОВАН]
2025-06-10 18:46:26 - INFO - Получены данные: E1: Активация двигателя... Enable pin 30 ДО активации: 0, ПОСЛЕ активации: 0. Конфигурация: скорость=2000, ускорение=2000, шагов/оборот=200, enable_pin=30 [АКТИВИРОВАН]
2025-06-10 18:46:26 - INFO - Получены данные: Инициализация шаговых двигателей завершена
2025-06-10 18:46:26 - INFO - Получены данные: Enable пины настроены, управляются библиотекой GyverStepper2
2025-06-10 18:46:26 - INFO - Получены данные: Инициализация датчиков...
2025-06-10 18:46:26 - INFO - Получены данные: Инициализация датчика веса...
2025-06-10 18:46:27 - INFO - Получены данные: Датчик веса инициализирован и тарирован
2025-06-10 18:46:27 - INFO - Получены данные: Инициализация клапанов и насоса...
2025-06-10 18:46:27 - INFO - Получены данные: Настройка обработчиков команд...
2025-06-10 18:46:27 - INFO - Получены данные: Регистрация обработчиков команд...
2025-06-10 18:46:27 - INFO - Получены данные: Регистрация обработчиков завершена.
2025-06-10 18:46:27 - INFO - Получены данные: ======== СИСТЕМА ГОТОВА ========
2025-06-10 18:46:27 - INFO - Получены данные: РЕЖИМ: Синхронная обработка команд
2025-06-10 18:46:27 - INFO - Получены данные: Каждая команда выполняется полностью до завершения
2025-06-10 18:46:27 - INFO - Получены данные: Доступные команды:
2025-06-10 18:46:27 - INFO - Получены данные: Движение:
2025-06-10 18:46:27 - INFO - Получены данные: - move_multi <позиция>
2025-06-10 18:46:27 - INFO - Получены данные: - move_multizone <позиция>
2025-06-10 18:46:27 - INFO - Получены данные: - move_rright <позиция>
2025-06-10 18:46:27 - INFO - Получены данные: Хоминг:
2025-06-10 18:46:28 - INFO - Получены данные: - zero_multi, zero_multizone, zero_rright
2025-06-10 18:46:28 - INFO - Получены данные: Clamp (E0/E1):
2025-06-10 18:46:28 - INFO - Получены данные: - clamp <позиция>
2025-06-10 18:46:28 - INFO - Получены данные: - clamp_zero
2025-06-10 18:46:28 - INFO - Получены данные: - clamp_stop
2025-06-10 18:46:28 - INFO - Получены данные: Клапаны:
2025-06-10 18:46:28 - INFO - Получены данные: - kl1 <время>, kl2 <время>
2025-06-10 18:46:28 - INFO - Получены данные: - kl1_on/off, kl2_on/off
2025-06-10 18:46:28 - INFO - Получены данные: Насос:
2025-06-10 18:46:28 - INFO - Получены данные: - pump_on/off
2025-06-10 18:46:28 - INFO - Получены данные: Датчики:
2025-06-10 18:46:28 - INFO - Получены данные: - weight, raw_weight
2025-06-10 18:46:28 - INFO - Получены данные: - calibrate_weight
2025-06-10 18:46:28 - INFO - Получены данные: - calibrate_weight_factor <коэффициент>
2025-06-10 18:46:28 - INFO - Получены данные: - weight_report_on/off
2025-06-10 18:46:28 - INFO - Получены данные: - staterotor, waste
2025-06-10 18:46:29 - INFO - Получены данные: Диагностика:
2025-06-10 18:46:29 - INFO - Получены данные: - check_all_endstops
2025-06-10 18:46:29 - INFO - Получены данные: - test
2025-06-10 18:46:29 - INFO - Получены данные: Ожидание команд...
2025-06-10 18:46:32 - INFO - Отправлена команда: zero_rright
2025-06-10 18:46:32 - INFO - Получены данные: RECEIVED
2025-06-10 18:46:32 - INFO - Получены данные: Начало хоминга RRight...
2025-06-10 18:46:33 - INFO - Получены данные: Начало процедуры хоминга с индивидуальными настройками...
2025-06-10 18:46:33 - INFO - Получены данные: Хоминг RRight со скоростью 2000 steps/sec, датчик тип: NPN
2025-06-10 18:46:33 - INFO - Получены данные: Начальное состояние датчика: НЕ СРАБОТАЛ
2025-06-10 18:46:33 - INFO - Получены данные: Движемся к концевику...
2025-06-10 18:46:33 - INFO - Получены данные: ХОМИНГ RRight: позиция=0, время=0с
2025-06-10 18:46:35 - INFO - Получены данные: ХОМИНГ RRight: позиция=-4947, время=3с
2025-06-10 18:46:38 - INFO - Получены данные: ХОМИНГ RRight: позиция=-10817, время=6с
2025-06-10 18:46:40 - INFO - Получены данные: Концевик сработал!
2025-06-10 18:46:40 - INFO - Получены данные: Концевик сработал (тип: NPN), позиция сброшена в 0
2025-06-10 18:46:40 - INFO - Получены данные: Отъезжаем от концевика...
2025-06-10 18:46:41 - INFO - Получены данные: Хоминг RRight завершен успешно
2025-06-10 18:46:41 - INFO - Получены данные: Хоминг RRight завершен
2025-06-10 18:46:41 - INFO - Получены данные: COMPLETED
2025-06-10 18:46:50 - INFO - Отправлена команда: zero_rright
2025-06-10 18:46:50 - INFO - Получены данные: RECEIVED
2025-06-10 18:46:50 - INFO - Получены данные: Начало хоминга RRight...
2025-06-10 18:46:50 - INFO - Получены данные: Начало процедуры хоминга с индивидуальными настройками...
2025-06-10 18:46:50 - INFO - Получены данные: Хоминг RRight со скоростью 2000 steps/sec, датчик тип: NPN
2025-06-10 18:46:51 - INFO - Получены данные: Начальное состояние датчика: НЕ СРАБОТАЛ
2025-06-10 18:46:51 - INFO - Получены данные: Движемся к концевику...
2025-06-10 18:46:51 - INFO - Получены данные: ХОМИНГ RRight: позиция=0, время=0с
2025-06-10 18:46:51 - INFO - Получены данные: Концевик сработал!
2025-06-10 18:46:51 - INFO - Получены данные: Концевик сработал (тип: NPN), позиция сброшена в 0
2025-06-10 18:46:51 - INFO - Получены данные: Отъезжаем от концевика...
2025-06-10 18:46:52 - INFO - Получены данные: Предупреждение: датчик все еще активен после отъезда
2025-06-10 18:46:52 - INFO - Получены данные: Хоминг RRight завершен успешно
2025-06-10 18:46:52 - INFO - Получены данные: Хоминг RRight завершен
2025-06-10 18:46:52 - INFO - Получены данные: COMPLETED
2025-06-10 18:46:58 - INFO - Отправлена команда: zero_multi
2025-06-10 18:46:58 - INFO - Получены данные: RECEIVED
2025-06-10 18:46:59 - INFO - Получены данные: Начало хоминга Multi...
2025-06-10 18:46:59 - INFO - Получены данные: Начало процедуры хоминга с индивидуальными настройками...
2025-06-10 18:46:59 - INFO - Получены данные: Хоминг Multi со скоростью 6000 steps/sec, датчик тип: PNP
2025-06-10 18:46:59 - INFO - Получены данные: Начальное состояние датчика: СРАБОТАЛ
2025-06-10 18:46:59 - INFO - Получены данные: Датчик уже сработал, отъезжаем...
2025-06-10 18:46:59 - INFO - Получены данные: Успешно отъехали от датчика
2025-06-10 18:46:59 - INFO - Получены данные: Движемся к концевику...
2025-06-10 18:46:59 - INFO - Получены данные: ХОМИНГ Multi: позиция=200, время=0с
2025-06-10 18:46:59 - INFO - Получены данные: Концевик сработал!
2025-06-10 18:46:59 - INFO - Получены данные: Концевик сработал (тип: PNP), позиция сброшена в 0
2025-06-10 18:47:00 - INFO - Получены данные: Отъезжаем от концевика...
2025-06-10 18:47:00 - INFO - Получены данные: Хоминг Multi завершен успешно
2025-06-10 18:47:00 - INFO - Получены данные: Хоминг Multi завершен
2025-06-10 18:47:00 - INFO - Получены данные: COMPLETED
2025-06-10 18:47:05 - INFO - Отправлена команда: zero_multi
2025-06-10 18:47:05 - INFO - Получены данные: RECEIVED
2025-06-10 18:47:05 - INFO - Получены данные: Начало хоминга Multi...
2025-06-10 18:47:06 - INFO - Получены данные: Начало процедуры хоминга с индивидуальными настройками...
2025-06-10 18:47:06 - INFO - Получены данные: Хоминг Multi со скоростью 6000 steps/sec, датчик тип: PNP
2025-06-10 18:47:06 - INFO - Получены данные: Начальное состояние датчика: НЕ СРАБОТАЛ
2025-06-10 18:47:06 - INFO - Получены данные: Движемся к концевику...
2025-06-10 18:47:06 - INFO - Получены данные: ХОМИНГ Multi: позиция=0, время=0с
2025-06-10 18:47:06 - INFO - Получены данные: Концевик сработал!
2025-06-10 18:47:06 - INFO - Получены данные: Концевик сработал (тип: PNP), позиция сброшена в 0
2025-06-10 18:47:06 - INFO - Получены данные: Отъезжаем от концевика...
2025-06-10 18:47:06 - INFO - Получены данные: Хоминг Multi завершен успешно
2025-06-10 18:47:06 - INFO - Получены данные: Хоминг Multi завершен
2025-06-10 18:47:06 - INFO - Получены данные: COMPLETED
2025-06-10 18:47:09 - INFO - Отправлена команда: zero_multi
2025-06-10 18:47:09 - INFO - Получены данные: RECEIVED
2025-06-10 18:47:09 - INFO - Получены данные: Начало хоминга Multi...
2025-06-10 18:47:09 - INFO - Получены данные: Начало процедуры хоминга с индивидуальными настройками...
2025-06-10 18:47:09 - INFO - Получены данные: Хоминг Multi со скоростью 6000 steps/sec, датчик тип: PNP
2025-06-10 18:47:09 - INFO - Получены данные: Начальное состояние датчика: НЕ СРАБОТАЛ
2025-06-10 18:47:09 - INFO - Получены данные: Движемся к концевику...
2025-06-10 18:47:09 - INFO - Получены данные: ХОМИНГ Multi: позиция=0, время=0с
2025-06-10 18:47:09 - INFO - Получены данные: Концевик сработал!
2025-06-10 18:47:09 - INFO - Получены данные: Концевик сработал (тип: PNP), позиция сброшена в 0
2025-06-10 18:47:09 - INFO - Получены данные: Отъезжаем от концевика...
2025-06-10 18:47:10 - INFO - Получены данные: Хоминг Multi завершен успешно
2025-06-10 18:47:10 - INFO - Получены данные: Хоминг Multi завершен
2025-06-10 18:47:10 - INFO - Получены данные: COMPLETED
2025-06-10 18:47:11 - INFO - Отправлена команда: zero_multi
2025-06-10 18:47:11 - INFO - Получены данные: RECEIVED
2025-06-10 18:47:11 - INFO - Получены данные: Начало хоминга Multi...
2025-06-10 18:47:12 - INFO - Получены данные: Начало процедуры хоминга с индивидуальными настройками...
2025-06-10 18:47:12 - INFO - Получены данные: Хоминг Multi со скоростью 6000 steps/sec, датчик тип: PNP
2025-06-10 18:47:12 - INFO - Получены данные: Начальное состояние датчика: НЕ СРАБОТАЛ
2025-06-10 18:47:12 - INFO - Получены данные: Движемся к концевику...
2025-06-10 18:47:12 - INFO - Получены данные: ХОМИНГ Multi: позиция=0, время=0с
2025-06-10 18:47:12 - INFO - Получены данные: Концевик сработал!
2025-06-10 18:47:12 - INFO - Получены данные: Концевик сработал (тип: PNP), позиция сброшена в 0
2025-06-10 18:47:12 - INFO - Получены данные: Отъезжаем от концевика...
2025-06-10 18:47:12 - INFO - Получены данные: Хоминг Multi завершен успешно
2025-06-10 18:47:12 - INFO - Получены данные: Хоминг Multi завершен
2025-06-10 18:47:12 - INFO - Получены данные: COMPLETED
2025-06-10 18:47:20 - INFO - Отправлена команда: kl2_on
2025-06-10 18:47:20 - INFO - Получены данные: RECEIVED
2025-06-10 18:47:20 - INFO - Получены данные: Включение клапана KL2 (пин 10)
2025-06-10 18:47:21 - INFO - Получены данные: Клапан KL2 включен
2025-06-10 18:47:21 - INFO - Получены данные: COMPLETED
2025-06-10 18:47:21 - INFO - Отправлена команда: kl2_off
2025-06-10 18:47:21 - INFO - Получены данные: RECEIVED
2025-06-10 18:47:21 - INFO - Получены данные: Выключение клапана KL2 (пин 10)
2025-06-10 18:47:21 - INFO - Получены данные: Клапан KL2 выключен
2025-06-10 18:47:21 - INFO - Получены данные: COMPLETED
2025-06-10 18:47:43 - INFO - Получены данные: RECEIVED
2025-06-10 18:47:43 - INFO - Получены данные: Включение клапана KL2 (пин 10)
2025-06-10 18:47:44 - INFO - Получены данные: Клапан KL2 включен
2025-06-10 18:47:44 - INFO - Получены данные: COMPLETED
2025-06-10 18:47:44 - INFO - Получены данные: Unknown command: KL3
2025-06-10 18:52:55 - INFO - Логирование инициализировано успешно
2025-06-10 18:52:55 - INFO - ================================================================================
2025-06-10 18:52:55 - INFO - Запуск приложения с PySide6
2025-06-10 18:52:55 - INFO - Операционная система: win32
2025-06-10 18:52:55 - INFO - Версия Python: 3.12.9 (tags/v3.12.9:fdb8142, Feb  4 2025, 15:27:58) [MSC v.1942 64 bit (AMD64)]
2025-06-10 18:52:55 - INFO - Текущая директория: C:\base_2\projects\1pap24\program\test_one24
2025-06-10 18:52:55 - INFO - Файл логов: C:\base_2\projects\1pap24\program\test_one24\app.log
2025-06-10 18:52:55 - INFO - Найдено разделов: ['прижим правого ротора', 'обнуление', 'Управление клапанами', 'Чтение датчиков', 'Команды второго ротора (Right)', 'Переключающий клапан', 'насос вакуумный']
2025-06-10 18:52:55 - INFO - Конфигурация загружена: 38 команд, 3 последовательностей, 7 разделов
2025-06-10 18:52:56 - INFO - Приложение запущено с PySide6
2025-06-10 18:52:59 - INFO - Получены данные: ======== СИСТЕМА ЗАПУСКАЕТСЯ ========
2025-06-10 18:52:59 - INFO - Получены данные: Версия: 2.1 (синхронная)
2025-06-10 18:52:59 - INFO - Получены данные: Дата: 2024-12-19
2025-06-10 18:52:59 - INFO - Получены данные: Инициализация шаговых двигателей...
2025-06-10 18:52:59 - INFO - Получены данные: Инициализация шаговых двигателей с индивидуальными настройками...
2025-06-10 18:52:59 - INFO - Получены данные: Применение конфигураций двигателей:
2025-06-10 18:52:59 - INFO - Получены данные: Multi: Активация двигателя... Enable pin 38 ДО активации: 0, ПОСЛЕ активации: 0. Конфигурация: скорость=6000, ускорение=5000, шагов/оборот=200, enable_pin=38 [АКТИВИРОВАН]
2025-06-10 18:52:59 - INFO - Получены данные: Multizone: Активация двигателя... Enable pin 56 ДО активации: 0, ПОСЛЕ активации: 0. Конфигурация: скорость=600, ускорение=800, шагов/оборот=200, enable_pin=56 [АКТИВИРОВАН]
2025-06-10 18:52:59 - INFO - Получены данные: RRight: Активация двигателя... Enable pin 62 ДО активации: 0, ПОСЛЕ активации: 0. Конфигурация: скорость=30000, ускорение=2000, шагов/оборот=200, enable_pin=62 [АКТИВИРОВАН]
2025-06-10 18:52:59 - INFO - Получены данные: E0: Активация двигателя... Enable pin 24 ДО активации: 0, ПОСЛЕ активации: 0. Конфигурация: скорость=2000, ускорение=2000, шагов/оборот=200, enable_pin=24 [АКТИВИРОВАН]
2025-06-10 18:52:59 - INFO - Получены данные: E1: Активация двигателя... Enable pin 30 ДО активации: 0, ПОСЛЕ активации: 0. Конфигурация: скорость=2000, ускорение=2000, шагов/оборот=200, enable_pin=30 [АКТИВИРОВАН]
2025-06-10 18:53:00 - INFO - Получены данные: Инициализация шаговых двигателей завершена
2025-06-10 18:53:00 - INFO - Получены данные: Enable пины настроены, управляются библиотекой GyverStepper2
2025-06-10 18:53:00 - INFO - Получены данные: Инициализация датчиков...
2025-06-10 18:53:00 - INFO - Получены данные: Инициализация датчика веса...
2025-06-10 18:53:00 - INFO - Получены данные: Датчик веса инициализирован и тарирован
2025-06-10 18:53:00 - INFO - Получены данные: Инициализация клапанов и насоса...
2025-06-10 18:53:00 - INFO - Получены данные: Настройка обработчиков команд...
2025-06-10 18:53:00 - INFO - Получены данные: Регистрация обработчиков команд...
2025-06-10 18:53:00 - INFO - Получены данные: Регистрация обработчиков завершена.
2025-06-10 18:53:00 - INFO - Получены данные: ======== СИСТЕМА ГОТОВА ========
2025-06-10 18:53:00 - INFO - Получены данные: РЕЖИМ: Синхронная обработка команд
2025-06-10 18:53:00 - INFO - Получены данные: Каждая команда выполняется полностью до завершения
2025-06-10 18:53:00 - INFO - Получены данные: Доступные команды:
2025-06-10 18:53:00 - INFO - Получены данные: Движение:
2025-06-10 18:53:01 - INFO - Получены данные: - move_multi <позиция>
2025-06-10 18:53:01 - INFO - Получены данные: - move_multizone <позиция>
2025-06-10 18:53:01 - INFO - Получены данные: - move_rright <позиция>
2025-06-10 18:53:01 - INFO - Получены данные: Хоминг:
2025-06-10 18:53:01 - INFO - Получены данные: - zero_multi, zero_multizone, zero_rright
2025-06-10 18:53:01 - INFO - Получены данные: Clamp (E0/E1):
2025-06-10 18:53:01 - INFO - Получены данные: - clamp <позиция>
2025-06-10 18:53:01 - INFO - Получены данные: - clamp_zero
2025-06-10 18:53:01 - INFO - Получены данные: - clamp_stop
2025-06-10 18:53:01 - INFO - Получены данные: Клапаны:
2025-06-10 18:53:01 - INFO - Получены данные: - kl1 <время>, kl2 <время>
2025-06-10 18:53:01 - INFO - Получены данные: - kl1_on/off, kl2_on/off
2025-06-10 18:53:01 - INFO - Получены данные: Насос:
2025-06-10 18:53:01 - INFO - Получены данные: - pump_on/off
2025-06-10 18:53:01 - INFO - Получены данные: Датчики:
2025-06-10 18:53:01 - INFO - Получены данные: - weight, raw_weight
2025-06-10 18:53:02 - INFO - Получены данные: - calibrate_weight
2025-06-10 18:53:02 - INFO - Получены данные: - calibrate_weight_factor <коэффициент>
2025-06-10 18:53:02 - INFO - Получены данные: - weight_report_on/off
2025-06-10 18:53:02 - INFO - Получены данные: - staterotor, waste
2025-06-10 18:53:02 - INFO - Получены данные: Диагностика:
2025-06-10 18:53:02 - INFO - Получены данные: - check_all_endstops
2025-06-10 18:53:02 - INFO - Получены данные: - test
2025-06-10 18:53:02 - INFO - Получены данные: Ожидание команд...
2025-06-10 18:53:49 - INFO - Отправлена команда: kl1_on
2025-06-10 18:53:49 - INFO - Получены данные: RECEIVED
2025-06-10 18:53:49 - INFO - Получены данные: Включение клапана KL1 (пин 8)
2025-06-10 18:53:49 - INFO - Получены данные: Клапан KL1 включен
2025-06-10 18:53:50 - INFO - Получены данные: COMPLETED
2025-06-10 18:53:51 - INFO - Отправлена команда: kl1_off
2025-06-10 18:53:51 - INFO - Получены данные: RECEIVED
2025-06-10 18:53:51 - INFO - Получены данные: Выключение клапана KL1 (пин 8)
2025-06-10 18:53:51 - INFO - Получены данные: Клапан KL1 выключен
2025-06-10 18:53:51 - INFO - Получены данные: COMPLETED
2025-06-10 18:53:52 - INFO - Отправлена команда: kl2_on
2025-06-10 18:53:52 - INFO - Получены данные: RECEIVED
2025-06-10 18:53:52 - INFO - Получены данные: Включение клапана KL2 (пин 10)
2025-06-10 18:53:52 - INFO - Получены данные: Клапан KL2 включен
2025-06-10 18:53:52 - INFO - Получены данные: COMPLETED
2025-06-10 18:53:56 - INFO - Отправлена команда: kl2_off
2025-06-10 18:53:56 - INFO - Получены данные: RECEIVED
2025-06-10 18:53:56 - INFO - Получены данные: Выключение клапана KL2 (пин 10)
2025-06-10 18:53:56 - INFO - Получены данные: Клапан KL2 выключен
2025-06-10 18:53:56 - INFO - Получены данные: COMPLETED
2025-06-10 18:53:58 - INFO - Отправлена команда: kl2_on
2025-06-10 18:53:58 - INFO - Получены данные: RECEIVED
2025-06-10 18:53:58 - INFO - Получены данные: Включение клапана KL2 (пин 10)
2025-06-10 18:53:58 - INFO - Получены данные: Клапан KL2 включен
2025-06-10 18:53:58 - INFO - Получены данные: COMPLETED
2025-06-10 18:53:58 - INFO - Отправлена команда: kl2_off
2025-06-10 18:53:58 - INFO - Получены данные: RECEIVED
2025-06-10 18:53:58 - INFO - Получены данные: Выключение клапана KL2 (пин 10)
2025-06-10 18:53:59 - INFO - Получены данные: Клапан KL2 выключен
2025-06-10 18:53:59 - INFO - Получены данные: COMPLETED
2025-06-10 18:54:04 - INFO - Отправлена команда: zero_rright
2025-06-10 18:54:04 - INFO - Получены данные: RECEIVED
2025-06-10 18:54:04 - INFO - Получены данные: Начало хоминга RRight...
2025-06-10 18:54:04 - INFO - Получены данные: Начало процедуры хоминга с индивидуальными настройками...
2025-06-10 18:54:04 - INFO - Получены данные: Хоминг RRight со скоростью 2000 steps/sec, датчик тип: NPN
2025-06-10 18:54:04 - INFO - Получены данные: Начальное состояние датчика: СРАБОТАЛ
2025-06-10 18:54:04 - INFO - Получены данные: Датчик уже сработал, отъезжаем...
2025-06-10 18:54:05 - INFO - Получены данные: Ошибка: не удалось отъехать от датчика
2025-06-10 18:54:05 - INFO - Получены данные: ERR: HOMING TIMEOUT
2025-06-10 18:54:06 - INFO - Отправлена команда: zero_rright
2025-06-10 18:54:07 - INFO - Получены данные: RECEIVED
2025-06-10 18:54:07 - INFO - Получены данные: Начало хоминга RRight...
2025-06-10 18:54:07 - INFO - Получены данные: Начало процедуры хоминга с индивидуальными настройками...
2025-06-10 18:54:07 - INFO - Получены данные: Хоминг RRight со скоростью 2000 steps/sec, датчик тип: NPN
2025-06-10 18:54:07 - INFO - Получены данные: Начальное состояние датчика: СРАБОТАЛ
2025-06-10 18:54:07 - INFO - Получены данные: Датчик уже сработал, отъезжаем...
2025-06-10 18:54:07 - INFO - Получены данные: Ошибка: не удалось отъехать от датчика
2025-06-10 18:54:07 - INFO - Получены данные: ERR: HOMING TIMEOUT
2025-06-10 18:54:12 - INFO - Отправлена команда: zero_rright
2025-06-10 18:54:12 - INFO - Получены данные: RECEIVED
2025-06-10 18:54:12 - INFO - Получены данные: Начало хоминга RRight...
2025-06-10 18:54:12 - INFO - Получены данные: Начало процедуры хоминга с индивидуальными настройками...
2025-06-10 18:54:12 - INFO - Получены данные: Хоминг RRight со скоростью 2000 steps/sec, датчик тип: NPN
2025-06-10 18:54:12 - INFO - Получены данные: Начальное состояние датчика: СРАБОТАЛ
2025-06-10 18:54:12 - INFO - Получены данные: Датчик уже сработал, отъезжаем...
2025-06-10 18:54:13 - INFO - Получены данные: Ошибка: не удалось отъехать от датчика
2025-06-10 18:54:13 - INFO - Получены данные: ERR: HOMING TIMEOUT
2025-06-10 18:54:15 - INFO - Отправлена команда: zero_rright
2025-06-10 18:54:15 - INFO - Получены данные: RECEIVED
2025-06-10 18:54:15 - INFO - Получены данные: Начало хоминга RRight...
2025-06-10 18:54:15 - INFO - Получены данные: Начало процедуры хоминга с индивидуальными настройками...
2025-06-10 18:54:15 - INFO - Получены данные: Хоминг RRight со скоростью 2000 steps/sec, датчик тип: NPN
2025-06-10 18:54:15 - INFO - Получены данные: Начальное состояние датчика: СРАБОТАЛ
2025-06-10 18:54:15 - INFO - Получены данные: Датчик уже сработал, отъезжаем...
2025-06-10 18:54:15 - INFO - Получены данные: Ошибка: не удалось отъехать от датчика
2025-06-10 18:54:15 - INFO - Получены данные: ERR: HOMING TIMEOUT
2025-06-10 18:54:17 - INFO - Отправлена команда: zero_rright
2025-06-10 18:54:17 - INFO - Получены данные: RECEIVED
2025-06-10 18:54:17 - INFO - Получены данные: Начало хоминга RRight...
2025-06-10 18:54:18 - INFO - Получены данные: Начало процедуры хоминга с индивидуальными настройками...
2025-06-10 18:54:18 - INFO - Получены данные: Хоминг RRight со скоростью 2000 steps/sec, датчик тип: NPN
2025-06-10 18:54:18 - INFO - Получены данные: Начальное состояние датчика: СРАБОТАЛ
2025-06-10 18:54:18 - INFO - Получены данные: Датчик уже сработал, отъезжаем...
2025-06-10 18:54:18 - INFO - Получены данные: Успешно отъехали от датчика
2025-06-10 18:54:18 - INFO - Получены данные: Движемся к концевику...
2025-06-10 18:54:18 - INFO - Получены данные: ХОМИНГ RRight: позиция=1000, время=0с
2025-06-10 18:54:19 - INFO - Получены данные: Концевик сработал!
2025-06-10 18:54:19 - INFO - Получены данные: Концевик сработал (тип: NPN), позиция сброшена в 0
2025-06-10 18:54:19 - INFO - Получены данные: Отъезжаем от концевика...
2025-06-10 18:54:19 - INFO - Получены данные: Предупреждение: датчик все еще активен после отъезда
2025-06-10 18:54:19 - INFO - Получены данные: Хоминг RRight завершен успешно
2025-06-10 18:54:19 - INFO - Получены данные: Хоминг RRight завершен
2025-06-10 18:54:20 - INFO - Получены данные: COMPLETED
2025-06-10 18:54:25 - INFO - Отправлена команда: pump_on
2025-06-10 18:54:25 - INFO - Получены данные: RECEIVED
2025-06-10 18:54:25 - INFO - Получены данные: Включение насоса (пин 18)...
2025-06-10 18:54:25 - INFO - Получены данные: Насос включен
2025-06-10 18:54:25 - INFO - Получены данные: COMPLETED
2025-06-10 18:54:25 - INFO - Отправлена команда: pump_off
2025-06-10 18:54:25 - INFO - Получены данные: RECEIVED
2025-06-10 18:54:26 - INFO - Получены данные: Выключение насоса (пин 18)...
2025-06-10 18:54:26 - INFO - Получены данные: Насос выключен
2025-06-10 18:54:26 - INFO - Получены данные: COMPLETED
